<?xml version="1.0" encoding="utf-8"?><testsuites><testsuite name="pytest" errors="0" failures="0" skipped="0" tests="119" time="16.498" timestamp="2026-09-08T18:48:15.348989" hostname="htop"><testcase classname="camrod_bringup.test.test_parking_launch_parameter_scope" name="test_detector_include_cannot_replace_controller_yaml[auto-true-expected_controllers0-True]" time="0.015" /><testcase classname="camrod_bringup.test.test_parking_launch_parameter_scope" name="test_detector_include_cannot_replace_controller_yaml[apriltag-true-expected_controllers1-True]" time="0.002" /><testcase classname="camrod_bringup.test.test_parking_launch_parameter_scope" name="test_detector_include_cannot_replace_controller_yaml[reverse-true-expected_controllers2-False]" time="0.008" /><testcase classname="camrod_bringup.test.test_parking_launch_parameter_scope" name="test_detector_include_cannot_replace_controller_yaml[auto-false-expected_controllers3-False]" time="0.008" /><testcase classname="camrod_bringup.test.test_package_config_mirrors" name="test_all_package_config_files_have_byte_identical_bringup_mirrors" time="0.028" /><testcase classname="camrod_bringup.test.test_package_config_mirrors" name="test_current_parking_reference_follows_canonical_yaml" time="0.007" /><testcase classname="camrod_bringup.test.test_drop_zone_departure_contract" name="test_exit_target_and_gate_config_mirrors_are_exact" time="0.027" /><testcase classname="camrod_bringup.test.test_drop_zone_departure_contract" name="test_fresh_exact_controller_status_is_the_only_status_authorization" time="0.001" /><testcase classname="camrod_bringup.test.test_drop_zone_departure_contract" name="test_ui_never_releases_campsite_before_exit_complete" time="0.002" /><testcase classname="camrod_bringup.test.test_drop_zone_departure_contract" name="test_charging_departure_dwell_is_forwarded_from_one_deployment_default" time="0.034" /><testcase classname="camrod_bringup.test.test_drop_zone_departure_contract" name="test_charging_recall_validation_uses_public_service_states" time="0.001" /><testcase classname="camrod_bringup.test.test_drop_zone_departure_contract" name="test_drop_zone_heartbeat_and_pose_provenance_survive_restart" time="0.001" /><testcase classname="camrod_bringup.test.test_gnss_defaults_sync" name="test_launch_defaults_select_verified_two_port_route" time="0.033" /><testcase classname="camrod_bringup.test.test_gnss_defaults_sync" name="test_bringup_implementation_forwards_every_gnss_default" time="0.032" /><testcase classname="camrod_bringup.test.test_gnss_defaults_sync" name="test_bringup_gnss_configs_match_sensing_package" time="0.000" /><testcase classname="camrod_bringup.test.test_gnss_defaults_sync" name="test_synced_gnss_config_owns_both_receiver_ports" time="0.005" /><testcase classname="camrod_bringup.test.test_gnss_defaults_sync" name="test_cleanup_removes_stale_moving_base_writer" time="0.004" /><testcase classname="camrod_bringup.test.test_robot_center_frame_contract" name="test_sensor_config_mirror_is_byte_synchronized" time="0.000" /><testcase classname="camrod_bringup.test.test_robot_center_frame_contract" name="test_center_offset_and_measured_body_are_auditable" time="0.012" /><testcase classname="camrod_bringup.test.test_robot_center_frame_contract" name="test_planning_margin_is_ten_centimeters_on_every_side" time="0.009" /><testcase classname="camrod_bringup.test.test_robot_center_frame_contract" name="test_sensor_x_shift_preserves_physical_mount[keys0-1.131]" time="0.010" /><testcase classname="camrod_bringup.test.test_robot_center_frame_contract" name="test_sensor_x_shift_preserves_physical_mount[keys1-1.20636]" time="0.011" /><testcase classname="camrod_bringup.test.test_robot_center_frame_contract" name="test_sensor_x_shift_preserves_physical_mount[keys2-1.20637]" time="0.013" /><testcase classname="camrod_bringup.test.test_robot_center_frame_contract" name="test_sensor_x_shift_preserves_physical_mount[keys3--0.17633]" time="0.011" /><testcase classname="camrod_bringup.test.test_robot_center_frame_contract" name="test_sensor_x_shift_preserves_physical_mount[keys4-1.07087]" time="0.010" /><testcase classname="camrod_bringup.test.test_robot_center_frame_contract" name="test_sensor_x_shift_preserves_physical_mount[keys5-1.07087]" time="0.009" /><testcase classname="camrod_bringup.test.test_robot_center_frame_contract" name="test_sensor_x_shift_preserves_physical_mount[keys6--0.17433]" time="0.014" /><testcase classname="camrod_bringup.test.test_robot_center_frame_contract" name="test_remeasured_side_radar_mounts_use_robot_center[left1-expected_xy0]" time="0.015" /><testcase classname="camrod_bringup.test.test_robot_center_frame_contract" name="test_remeasured_side_radar_mounts_use_robot_center[left2-expected_xy1]" time="0.010" /><testcase classname="camrod_bringup.test.test_robot_center_frame_contract" name="test_remeasured_side_radar_mounts_use_robot_center[right1-expected_xy2]" time="0.009" /><testcase classname="camrod_bringup.test.test_robot_center_frame_contract" name="test_remeasured_side_radar_mounts_use_robot_center[right2-expected_xy3]" time="0.012" /><testcase classname="camrod_bringup.test.test_robot_center_frame_contract" name="test_gnss_left_antenna_and_center_correction_share_one_lever_arm" time="0.043" /><testcase classname="camrod_bringup.test.test_robot_center_frame_contract" name="test_real_ekf_lag_window_and_deployment_mirror" time="0.023" /><testcase classname="camrod_bringup.test.test_robot_center_frame_contract" name="test_sim_gnss_models_the_same_raw_antenna_and_heading_contract" time="0.020" /><testcase classname="camrod_bringup.test.test_robot_center_frame_contract" name="test_nav2_and_gate_share_center_based_planning_footprint" time="0.059" /><testcase classname="camrod_bringup.test.test_robot_center_frame_contract" name="test_visual_boundary_uses_ten_centimeter_margins" time="0.005" /><testcase classname="camrod_bringup.test.test_robot_center_frame_contract" name="test_route_safety_retry_policy_is_identical_in_package_and_bringup" time="0.018" /><testcase classname="camrod_bringup.test.test_robot_center_frame_contract" name="test_high_resolution_lanelet_safety_grid_and_nav2_owner_contract" time="0.055" /><testcase classname="camrod_bringup.test.test_robot_center_frame_contract" name="test_apriltag_longitudinal_thresholds_preserve_rear_axle_stop_points" time="0.012" /><testcase classname="camrod_bringup.test.test_robot_center_frame_contract" name="test_active_runtime_consumers_use_robot_center_link[camrod_platform/config/ranger_driver.yaml-/**-base_frame]" time="0.010" /><testcase classname="camrod_bringup.test.test_robot_center_frame_contract" name="test_active_runtime_consumers_use_robot_center_link[camrod_localization/config/filter/ekf.yaml-/**-base_link_frame]" time="0.024" /><testcase classname="camrod_bringup.test.test_robot_center_frame_contract" name="test_active_runtime_consumers_use_robot_center_link[camrod_localization/config/filter/ekf_sim.yaml-/**-base_link_frame]" time="0.016" /><testcase classname="camrod_bringup.test.test_robot_center_frame_contract" name="test_active_runtime_consumers_use_robot_center_link[camrod_localization/config/filter/pose_selector.yaml-/**-base_frame_id]" time="0.002" /><testcase classname="camrod_bringup.test.test_robot_center_frame_contract" name="test_active_runtime_consumers_use_robot_center_link[camrod_localization/config/source/input_adapter.yaml-/**-wheel_base_frame_id]" time="0.005" /><testcase classname="camrod_bringup.test.test_robot_center_frame_contract" name="test_active_runtime_consumers_use_robot_center_link[camrod_sensing/config/inflation_cost_grid.yaml-/sensing/inflation_cost_grid-base_frame_id]" time="0.003" /><testcase classname="camrod_bringup.test.test_robot_center_frame_contract" name="test_active_runtime_consumers_use_robot_center_link[camrod_sensing/config/lidar/cost_grid.yaml-/sensing/lidar/lidar_cost_grid-base_frame_id]" time="0.006" /><testcase classname="camrod_bringup.test.test_robot_center_frame_contract" name="test_active_runtime_consumers_use_robot_center_link[camrod_sensing/config/radar/cost_grid.yaml-/sensing/radar/radar_cost_grid-base_frame_id]" time="0.007" /><testcase classname="camrod_bringup.test.test_robot_center_frame_contract" name="test_active_runtime_consumers_use_robot_center_link[camrod_bringup/config/sim/fake_sensors.yaml-/bringup/fake_sensor_publisher-base_frame_id]" time="0.009" /><testcase classname="camrod_bringup.test.test_robot_center_frame_contract" name="test_urdf_has_one_center_root_and_a_rear_axle_compatibility_child" time="0.000" /><testcase classname="camrod_bringup.test.test_robot_center_frame_contract" name="test_diagnostic_mount_metadata_uses_center_coordinates[default]" time="0.019" /><testcase classname="camrod_bringup.test.test_robot_center_frame_contract" name="test_diagnostic_mount_metadata_uses_center_coordinates[sim]" time="0.026" /><testcase classname="camrod_bringup.test.test_apriltag_docking_contract" name="test_camera_range_thresholds_are_exact" time="0.010" /><testcase classname="camrod_bringup.test.test_apriltag_docking_contract" name="test_tag_reacquisition_wait_is_one_minute_with_immediate_safe_stop" time="0.023" /><testcase classname="camrod_bringup.test.test_apriltag_docking_contract" name="test_parking_parameter_mirrors_are_exact" time="0.000" /><testcase classname="camrod_bringup.test.test_apriltag_docking_contract" name="test_translation_latches_off_before_yaw_and_charging_wait" time="0.000" /><testcase classname="camrod_bringup.test.test_apriltag_docking_contract" name="test_fresh_odometry_gates_tag_capture_and_every_motion_entry" time="0.000" /><testcase classname="camrod_bringup.test.test_apriltag_docking_contract" name="test_recoverable_service_state_repeats_on_status_heartbeat" time="0.000" /><testcase classname="camrod_bringup.test.test_apriltag_docking_contract" name="test_charging_preempts_every_active_motion_phase" time="0.000" /><testcase classname="camrod_bringup.test.test_apriltag_docking_contract" name="test_late_charging_contact_recovers_both_parking_controllers" time="0.000" /><testcase classname="camrod_bringup.test.test_apriltag_docking_contract" name="test_reverse_charge_timeout_retains_terminal_wait_service_state" time="0.000" /><testcase classname="camrod_bringup.test.test_apriltag_docking_contract" name="test_safety_gate_owns_new_stopped_phases_without_dynamic_bypass" time="0.022" /><testcase classname="camrod_bringup.test.test_guest_recall_wait_contract" name="test_recall_wait_offset_is_explicit_and_deployed_mirror_matches" time="0.028" /><testcase classname="camrod_bringup.test.test_guest_recall_wait_contract" name="test_all_sites_use_authored_geometry_instead_of_guessed_recall_points" time="0.023" /><testcase classname="camrod_bringup.test.test_guest_recall_wait_contract" name="test_recall_uses_roadside_motion_but_normal_delivery_still_blocks_occupancy" time="0.001" /><testcase classname="camrod_bringup.test.test_camping_site_turnaround_contract" name="test_active_campsite_config_is_byte_synchronized" time="0.000" /><testcase classname="camrod_bringup.test.test_camping_site_turnaround_contract" name="test_drive_in_sites_turn_and_constrained_sites_skip_zero_turn" time="0.014" /><testcase classname="camrod_bringup.test.test_camping_site_turnaround_contract" name="test_roadside_sites_use_map_centers_without_legacy_service_pose" time="0.016" /><testcase classname="camrod_bringup.test.test_camping_site_turnaround_contract" name="test_checked_in_runtime_evidence_covers_all_thirteen_sites" time="0.001" /><testcase classname="camrod_bringup.test.test_nav2_controller_profile_sync" name="test_package_and_bringup_nav2_profiles_keep_only_the_preview_ab_split" time="0.062" /><testcase classname="camrod_bringup.test.test_nav2_controller_profile_sync" name="test_route_handoff_uses_field_tuned_goal_checker_before_local_parking" time="0.049" /><testcase classname="camrod_bringup.test.test_nav2_controller_profile_sync" name="test_drop_zone_local_approach_allows_center_reference_turn_displacement" time="0.027" /><testcase classname="camrod_bringup.test.test_nav2_controller_profile_sync" name="test_real_controller_matches_twenty_hz_ekf_prediction" time="0.044" /><testcase classname="camrod_bringup.test.test_nav2_controller_profile_sync" name="test_local_path_diagnostic_ignores_service_owned_motion_handoffs" time="0.011" /><testcase classname="camrod_bringup.test.test_nav2_controller_profile_sync" name="test_local_path_chain_matches_twenty_hz_pose_control_clock" time="0.007" /><testcase classname="camrod_bringup.test.test_nav2_controller_profile_sync" name="test_obstacle_fallback_requires_twenty_seconds_on_a_wide_lane" time="0.005" /><testcase classname="camrod_bringup.test.test_nav2_controller_profile_sync" name="test_production_loads_only_policy_reachable_planners" time="0.023" /><testcase classname="camrod_bringup.test.test_nav2_controller_profile_sync" name="test_production_loads_only_policy_reachable_controllers" time="0.037" /><testcase classname="camrod_bringup.test.test_nav2_controller_profile_sync" name="test_launch_defaults_select_production_load_profiles_and_graceful_shutdown" time="0.027" /><testcase classname="camrod_bringup.test.test_nav2_controller_profile_sync" name="test_progress_checker_releases_parent_callbacks_during_lifecycle_cleanup" time="0.001" /><testcase classname="camrod_bringup.test.test_nav2_controller_profile_sync" name="test_package_manual_rotation_shim_matches_the_fixed_rpp_profile" time="0.030" /><testcase classname="camrod_bringup.test.test_nav2_controller_profile_sync" name="test_rpp_profile_contains_only_effective_limit_names" time="0.006" /><testcase classname="camrod_bringup.test.test_nav2_controller_profile_sync" name="test_package_two_kph_rpp_keeps_the_fixed_ab_preview" time="0.009" /><testcase classname="camrod_bringup.test.test_nav2_controller_profile_sync" name="test_two_kph_operational_speed_ratios_and_safety_exception" time="0.111" /><testcase classname="camrod_bringup.test.test_nav2_controller_profile_sync" name="test_fake_constant_speed_fallback_matches_two_kph_cruise" time="0.020" /><testcase classname="camrod_bringup.test.test_nav2_controller_profile_sync" name="test_safety_gate_evaluates_the_final_scaled_command" time="0.001" /><testcase classname="camrod_bringup.test.test_nav2_controller_profile_sync" name="test_classified_fusion_is_a_direct_two_meter_stop_source" time="0.016" /><testcase classname="camrod_bringup.test.test_nav2_controller_profile_sync" name="test_campsite_return_uses_latched_axis_stages_at_route_goal_anchor" time="0.020" /><testcase classname="camrod_bringup.test.test_nav2_controller_profile_sync" name="test_campsite_occupancy_guard_is_one_opt_in_policy" time="0.080" /><testcase classname="camrod_bringup.test.test_nav2_controller_profile_sync" name="test_ranger_mode_change_settles_before_campsite_translation" time="0.011" /><testcase classname="camrod_bringup.test.test_nav2_controller_profile_sync" name="test_gross_start_alignment_is_separate_from_continuous_curve_tracking" time="0.042" /><testcase classname="camrod_bringup.test.test_nav2_controller_profile_sync" name="test_sim_runner_locks_map_fixed_obstacle_and_repeated_service_contract" time="0.010" /><testcase classname="camrod_localization.test.test_gnss_heading_cache_contract.GnssHeadingCacheContractTest" name="test_ekf_fallback_never_promotes_published_gnss_yaw" time="0.001" /><testcase classname="camrod_localization.test.test_gnss_heading_cache_contract.GnssHeadingCacheContractTest" name="test_unavailable_heading_cannot_replace_latest_valid_sample" time="0.000" /><testcase classname="camrod_planning.test.test_recall_target_policy.RecallTargetPolicyTest" name="test_async_snapped_goal_echo_keeps_recall_scenario" time="0.000" /><testcase classname="camrod_planning.test.test_recall_target_policy.RecallTargetPolicyTest" name="test_b1_through_b13_resolve_to_semantic_site_not_legacy_road_key" time="0.000" /><testcase classname="camrod_planning.test.test_recall_target_policy.RecallTargetPolicyTest" name="test_dispatcher_handoff_and_selected_parking_share_central_planning_state" time="0.000" /><testcase classname="camrod_planning.test.test_recall_target_policy.RecallTargetPolicyTest" name="test_initial_drop_zone_raw_goal_uses_exact_auto_goal_stamp" time="0.001" /><testcase classname="camrod_planning.test.test_recall_target_policy.RecallTargetPolicyTest" name="test_recall_auto_goal_preserves_valid_request_stamp" time="0.001" /><testcase classname="camrod_planning.test.test_recall_target_policy.RecallTargetPolicyTest" name="test_recall_intent_is_latched_before_publish_and_retries_on_failure" time="0.000" /><testcase classname="camrod_planning.test.test_recall_target_policy.RecallTargetPolicyTest" name="test_recall_request_publishes_site_key_under_recall_scenario" time="0.000" /><testcase classname="camrod_planning.test.test_recall_target_policy.RecallTargetPolicyTest" name="test_return_handoff_margin_still_requires_fresh_nav2_success" time="0.000" /><testcase classname="camrod_planning.test.test_recall_target_policy.RecallTargetPolicyTest" name="test_unknown_recall_fails_to_configured_default" time="0.000" /><testcase classname="camrod_planning.test.test_planning_runtime_coalescing.PlanningRuntimeCoalescingTest" name="test_cached_grid_lookup_matches_previous_formula" time="0.070" /><testcase classname="camrod_planning.test.test_planning_runtime_coalescing.PlanningRuntimeCoalescingTest" name="test_obstacle_failed_probe_latches_without_repeated_preemption" time="0.010" /><testcase classname="camrod_planning.test.test_planning_runtime_coalescing.PlanningRuntimeCoalescingTest" name="test_obstacle_fallback_is_allowed_only_on_a_wide_lane" time="0.010" /><testcase classname="camrod_planning.test.test_planning_runtime_coalescing.PlanningRuntimeCoalescingTest" name="test_obstacle_fallback_probes_path_before_navigation_preemption" time="0.010" /><testcase classname="camrod_planning.test.test_planning_runtime_coalescing.PlanningRuntimeCoalescingTest" name="test_obstacle_fallback_waits_for_twenty_seconds_of_blockage" time="0.009" /><testcase classname="camrod_planning.test.test_planning_runtime_coalescing.PlanningRuntimeCoalescingTest" name="test_obstacle_monitor_decodes_latest_path_at_monitor_cadence" time="0.011" /><testcase classname="camrod_planning.test.test_planning_runtime_coalescing.PlanningRuntimeCoalescingTest" name="test_obstacle_monitor_decodes_only_latest_fresh_grid" time="0.013" /><testcase classname="camrod_planning.test.test_planning_runtime_coalescing.PlanningRuntimeCoalescingTest" name="test_obstacle_validated_probe_is_the_only_preemption_path" time="0.032" /><testcase classname="camrod_planning.test.test_planning_runtime_coalescing.PlanningRuntimeCoalescingTest" name="test_path_visualizer_decodes_only_latest_path_when_due" time="0.044" /><testcase classname="camrod_planning.test.test_planning_runtime_coalescing.LocalPathTerminalRetentionTest" name="test_completion_latch_and_new_route_reset_are_preserved" time="2.189" /><testcase classname="camrod_planning.test.test_planning_runtime_coalescing.LocalPathTerminalRetentionTest" name="test_empty_global_path_and_invalid_pose_still_clear_local_path" time="2.838" /><testcase classname="camrod_planning.test.test_planning_runtime_coalescing.LocalPathTerminalRetentionTest" name="test_short_terminal_route_retains_only_existing_three_points" time="0.708" /><testcase classname="camrod_planning.test.test_planning_runtime_coalescing.LocalPathTerminalRetentionTest" name="test_stale_pose_still_clears_retained_terminal_path" time="3.956" /><testcase classname="camrod_planning.test.test_planning_runtime_coalescing.LocalPathTerminalRetentionTest" name="test_terminal_local_path_remains_available_at_observed_014m" time="1.419" /><testcase classname="camrod_planning.test.test_planning_runtime_coalescing.LocalPathTerminalRetentionTest" name="test_terminal_retention_does_not_bridge_discontinuous_route" time="0.711" /><testcase classname="camrod_planning.test.test_planning_runtime_coalescing.LocalPathTerminalRetentionTest" name="test_terminal_retention_matches_nav2_and_bringup_without_weaker_safety" time="0.038" /><testcase classname="camrod_planning.test.test_planning_runtime_coalescing.LocalPathTerminalRetentionTest" name="test_terminal_slice_keeps_two_points_when_closest_is_last" time="2.426" /></testsuite></testsuites>