<?xml version="1.0" encoding="UTF-8"?>
<testsuites tests="4" failures="0" disabled="0" errors="0" time="0" timestamp="2026-09-08T18:50:33" name="AllTests">
  <testsuite name="ReverseParkingCompletion" tests="4" failures="0" disabled="0" errors="0" time="0" timestamp="2026-09-08T18:50:33">
    <testcase name="TravelLimitDoesNotMeanStationArrival" status="run" result="completed" time="0" timestamp="2026-09-08T18:50:33" classname="ReverseParkingCompletion" />
    <testcase name="ExactAndInsideRadiusAreValidGoals" status="run" result="completed" time="0" timestamp="2026-09-08T18:50:33" classname="ReverseParkingCompletion" />
    <testcase name="AxisOnlyAndOvershootCannotPassTheGoalRadius" status="run" result="completed" time="0" timestamp="2026-09-08T18:50:33" classname="ReverseParkingCompletion" />
    <testcase name="InvalidCoordinatesAndToleranceFailClosed" status="run" result="completed" time="0" timestamp="2026-09-08T18:50:33" classname="ReverseParkingCompletion" />
  </testsuite>
</testsuites>
