<?xml version="1.0" encoding="utf-8"?><testsuites><testsuite name="pytest" errors="0" failures="0" skipped="0" tests="364" time="4.353" timestamp="2026-09-08T18:48:15.300029" hostname="htop"><testcase classname="test.test_battery_return_policy" name="test_soc_boundaries_match_backend_dispatch_and_return[24.9-True-True-False]" time="0.002" /><testcase classname="test.test_battery_return_policy" name="test_soc_boundaries_match_backend_dispatch_and_return[25.0-False-True-False]" time="0.002" /><testcase classname="test.test_battery_return_policy" name="test_soc_boundaries_match_backend_dispatch_and_return[34.9-False-True-False]" time="0.001" /><testcase classname="test.test_battery_return_policy" name="test_soc_boundaries_match_backend_dispatch_and_return[35.0-False-False-True]" time="0.001" /><testcase classname="test.test_battery_return_policy" name="test_unknown_soc_requires_charging_but_never_synthesizes_urgent_motion[None]" time="0.000" /><testcase classname="test.test_battery_return_policy" name="test_unknown_soc_requires_charging_but_never_synthesizes_urgent_motion[-1]" time="0.001" /><testcase classname="test.test_battery_return_policy" name="test_unknown_soc_requires_charging_but_never_synthesizes_urgent_motion[101]" time="0.000" /><testcase classname="test.test_battery_return_policy" name="test_unknown_soc_requires_charging_but_never_synthesizes_urgent_motion[nan]" time="0.000" /><testcase classname="test.test_battery_return_policy" name="test_unknown_soc_requires_charging_but_never_synthesizes_urgent_motion[inf]" time="0.000" /><testcase classname="test.test_battery_return_policy" name="test_unknown_soc_requires_charging_but_never_synthesizes_urgent_motion[invalid]" time="0.000" /><testcase classname="test.test_battery_return_policy" name="test_policy_snapshot_keeps_operator_mode_and_selected_method_distinct" time="0.000" /><testcase classname="test.test_battery_return_policy" name="test_active_site_phase_uses_controller_only_and_once_per_generation[ALIGN_ENTRY_YAW]" time="0.001" /><testcase classname="test.test_battery_return_policy" name="test_active_site_phase_uses_controller_only_and_once_per_generation[CRAB_IN]" time="0.001" /><testcase classname="test.test_battery_return_policy" name="test_active_site_phase_uses_controller_only_and_once_per_generation[ROTATE_180]" time="0.001" /><testcase classname="test.test_battery_return_policy" name="test_active_site_phase_uses_controller_only_and_once_per_generation[UNLOAD_WAIT]" time="0.001" /><testcase classname="test.test_battery_return_policy" name="test_active_site_phase_uses_controller_only_and_once_per_generation[WAIT_RETURN]" time="0.001" /><testcase classname="test.test_battery_return_policy" name="test_active_site_phase_uses_controller_only_and_once_per_generation[RECALL_CLEARANCE_WAIT]" time="0.001" /><testcase classname="test.test_battery_return_policy" name="test_active_site_phase_uses_controller_only_and_once_per_generation[CRAB_OUT]" time="0.001" /><testcase classname="test.test_battery_return_policy" name="test_road_idle_uses_existing_cancel_before_return_transition" time="0.001" /><testcase classname="test.test_battery_return_policy" name="test_urgent_return_is_deferred_without_fresh_safe_matching_owner[changes0]" time="0.001" /><testcase classname="test.test_battery_return_policy" name="test_urgent_return_is_deferred_without_fresh_safe_matching_owner[changes1]" time="0.001" /><testcase classname="test.test_battery_return_policy" name="test_urgent_return_is_deferred_without_fresh_safe_matching_owner[changes2]" time="0.001" /><testcase classname="test.test_battery_return_policy" name="test_urgent_return_is_deferred_without_fresh_safe_matching_owner[changes3]" time="0.001" /><testcase classname="test.test_battery_return_policy" name="test_urgent_return_is_deferred_without_fresh_safe_matching_owner[changes4]" time="0.001" /><testcase classname="test.test_battery_return_policy" name="test_dropzone_exit_clears_old_goal_and_requests_return_only_at_road_handoff" time="0.001" /><testcase classname="test.test_battery_return_policy" name="test_road_handoff_during_rc_or_estop_defers_urgent_transition" time="0.001" /><testcase classname="test.test_battery_return_policy" name="test_old_departure_handoff_cannot_recall_replacement_generation" time="0.001" /><testcase classname="test.test_battery_return_policy" name="test_stop_cleared_identity_prevents_late_low_soc_heartbeat_restart" time="0.001" /><testcase classname="test.test_battery_return_policy" name="test_urgent_battery_does_not_move_post_turn_robot_while_user_is_loading" time="0.001" /><testcase classname="test.test_battery_return_policy" name="test_explicit_dock_from_uncharged_parking_requests_only_tag_docking[auto]" time="0.001" /><testcase classname="test.test_battery_return_policy" name="test_explicit_dock_from_uncharged_parking_requests_only_tag_docking[apriltag]" time="0.001" /><testcase classname="test.test_battery_return_policy" name="test_explicit_dock_cannot_start_away_from_dropzone[5]" time="0.001" /><testcase classname="test.test_battery_return_policy" name="test_explicit_dock_cannot_start_away_from_dropzone[8]" time="0.001" /><testcase classname="test.test_battery_return_policy" name="test_explicit_dock_cannot_start_away_from_dropzone[1]" time="0.001" /><testcase classname="test.test_battery_return_policy" name="test_explicit_dock_cannot_start_away_from_dropzone[9]" time="0.001" /><testcase classname="test.test_battery_return_policy" name="test_explicit_dock_is_idempotent_while_charging_and_protects_active_parking" time="0.001" /><testcase classname="test.test_battery_return_policy" name="test_final_loading_wait_blocks_urgent_and_generic_manual_return" time="0.001" /><testcase classname="test.test_battery_return_policy" name="test_first_button_replay_cannot_authorize_final_loading_departure" time="0.001" /><testcase classname="test.test_battery_return_policy" name="test_final_button_requires_stage_and_generation_and_publishes_only_once" time="0.001" /><testcase classname="test.test_battery_return_policy" name="test_early_final_button_is_rejected_at_initial_roadside_wait" time="0.001" /><testcase classname="test.test_completed_station_presentation.CompletedStationPresentationTests" name="test_cached_planning_and_duplicate_route_goal_do_not_revive_completed_header" time="0.001" /><testcase classname="test.test_completed_station_presentation.CompletedStationPresentationTests" name="test_charging_completion_can_show_ready_but_not_dwell" time="0.000" /><testcase classname="test.test_completed_station_presentation.CompletedStationPresentationTests" name="test_error_safety_and_readiness_unknown_keep_priority_after_completion" time="0.001" /><testcase classname="test.test_completed_station_presentation.CompletedStationPresentationTests" name="test_fresh_route_goal_releases_completed_presentation" time="0.001" /><testcase classname="test.test_completed_station_presentation.CompletedStationPresentationTests" name="test_idle_alone_or_unaccepted_terminal_cannot_create_marker" time="0.001" /><testcase classname="test.test_completed_station_presentation.CompletedStationPresentationTests" name="test_manual_and_changed_or_unknown_sources_are_not_reclassified" time="0.001" /><testcase classname="test.test_completed_station_presentation.CompletedStationPresentationTests" name="test_new_accepted_robot_or_guest_intent_preserves_preengage_goal_display" time="0.001" /><testcase classname="test.test_completed_station_presentation.CompletedStationPresentationTests" name="test_pending_departure_or_station_action_never_looks_completed" time="0.001" /><testcase classname="test.test_completed_station_presentation.CompletedStationPresentationTests" name="test_real_accepted_terminal_callback_corrects_api_and_ws_without_goal_reset" time="0.001" /><testcase classname="test.test_completed_station_presentation.CompletedStationPresentationTests" name="test_unknown_service_and_active_planning_are_not_reclassified" time="0.001" /><testcase classname="test.test_drop_zone_departure_origin" name="test_robot_and_guest_inside_station_exit_before_site_goal[None-http_ui_destination]" time="0.001" /><testcase classname="test.test_drop_zone_departure_origin" name="test_robot_and_guest_inside_station_exit_before_site_goal[None-ws]" time="0.001" /><testcase classname="test.test_drop_zone_departure_origin" name="test_robot_and_guest_inside_station_exit_before_site_goal[None-guest:kiosk]" time="0.001" /><testcase classname="test.test_drop_zone_departure_origin" name="test_robot_and_guest_inside_station_exit_before_site_goal[None-robot_ui:recall]" time="0.001" /><testcase classname="test.test_drop_zone_departure_origin" name="test_robot_and_guest_inside_station_exit_before_site_goal[16-http_ui_destination]" time="0.001" /><testcase classname="test.test_drop_zone_departure_origin" name="test_robot_and_guest_inside_station_exit_before_site_goal[16-ws]" time="0.001" /><testcase classname="test.test_drop_zone_departure_origin" name="test_robot_and_guest_inside_station_exit_before_site_goal[16-guest:kiosk]" time="0.002" /><testcase classname="test.test_drop_zone_departure_origin" name="test_robot_and_guest_inside_station_exit_before_site_goal[16-robot_ui:recall]" time="0.001" /><testcase classname="test.test_drop_zone_departure_origin" name="test_robot_and_guest_inside_station_exit_before_site_goal[0-http_ui_destination]" time="0.001" /><testcase classname="test.test_drop_zone_departure_origin" name="test_robot_and_guest_inside_station_exit_before_site_goal[0-ws]" time="0.001" /><testcase classname="test.test_drop_zone_departure_origin" name="test_robot_and_guest_inside_station_exit_before_site_goal[0-guest:kiosk]" time="0.001" /><testcase classname="test.test_drop_zone_departure_origin" name="test_robot_and_guest_inside_station_exit_before_site_goal[0-robot_ui:recall]" time="0.001" /><testcase classname="test.test_drop_zone_departure_origin" name="test_outside_station_never_runs_blind_exit[None-http_ui_destination]" time="0.000" /><testcase classname="test.test_drop_zone_departure_origin" name="test_outside_station_never_runs_blind_exit[None-guest:kiosk]" time="0.001" /><testcase classname="test.test_drop_zone_departure_origin" name="test_outside_station_never_runs_blind_exit[16-http_ui_destination]" time="0.000" /><testcase classname="test.test_drop_zone_departure_origin" name="test_outside_station_never_runs_blind_exit[16-guest:kiosk]" time="0.001" /><testcase classname="test.test_drop_zone_departure_origin" name="test_outside_station_never_runs_blind_exit[0-http_ui_destination]" time="0.000" /><testcase classname="test.test_drop_zone_departure_origin" name="test_outside_station_never_runs_blind_exit[0-guest:kiosk]" time="0.001" /><testcase classname="test.test_drop_zone_departure_origin" name="test_unknown_origin_rejects_before_claim_or_motion[missing_map-drop_zone_map_unavailable-http_ui_destination]" time="0.001" /><testcase classname="test.test_drop_zone_departure_origin" name="test_unknown_origin_rejects_before_claim_or_motion[missing_map-drop_zone_map_unavailable-guest:kiosk]" time="0.001" /><testcase classname="test.test_drop_zone_departure_origin" name="test_unknown_origin_rejects_before_claim_or_motion[missing_pose-drop_zone_pose_unavailable-http_ui_destination]" time="0.001" /><testcase classname="test.test_drop_zone_departure_origin" name="test_unknown_origin_rejects_before_claim_or_motion[missing_pose-drop_zone_pose_unavailable-guest:kiosk]" time="0.001" /><testcase classname="test.test_drop_zone_departure_origin" name="test_unknown_origin_rejects_before_claim_or_motion[stale_receive-drop_zone_pose_stale-http_ui_destination]" time="0.001" /><testcase classname="test.test_drop_zone_departure_origin" name="test_unknown_origin_rejects_before_claim_or_motion[stale_receive-drop_zone_pose_stale-guest:kiosk]" time="0.001" /><testcase classname="test.test_drop_zone_departure_origin" name="test_unknown_origin_rejects_before_claim_or_motion[stale_stamp-drop_zone_pose_stale-http_ui_destination]" time="0.001" /><testcase classname="test.test_drop_zone_departure_origin" name="test_unknown_origin_rejects_before_claim_or_motion[stale_stamp-drop_zone_pose_stale-guest:kiosk]" time="0.001" /><testcase classname="test.test_drop_zone_departure_origin" name="test_unknown_origin_rejects_before_claim_or_motion[future_receive-drop_zone_pose_timestamp_future-http_ui_destination]" time="0.001" /><testcase classname="test.test_drop_zone_departure_origin" name="test_unknown_origin_rejects_before_claim_or_motion[future_receive-drop_zone_pose_timestamp_future-guest:kiosk]" time="0.001" /><testcase classname="test.test_drop_zone_departure_origin" name="test_unknown_origin_rejects_before_claim_or_motion[future_stamp-drop_zone_pose_timestamp_future-http_ui_destination]" time="0.001" /><testcase classname="test.test_drop_zone_departure_origin" name="test_unknown_origin_rejects_before_claim_or_motion[future_stamp-drop_zone_pose_timestamp_future-guest:kiosk]" time="0.001" /><testcase classname="test.test_drop_zone_departure_origin" name="test_unknown_origin_rejects_before_claim_or_motion[zero_stamp-drop_zone_pose_timestamp_invalid-http_ui_destination]" time="0.001" /><testcase classname="test.test_drop_zone_departure_origin" name="test_unknown_origin_rejects_before_claim_or_motion[zero_stamp-drop_zone_pose_timestamp_invalid-guest:kiosk]" time="0.001" /><testcase classname="test.test_drop_zone_departure_origin" name="test_unknown_origin_rejects_before_claim_or_motion[wrong_frame-drop_zone_pose_frame_mismatch-http_ui_destination]" time="0.001" /><testcase classname="test.test_drop_zone_departure_origin" name="test_unknown_origin_rejects_before_claim_or_motion[wrong_frame-drop_zone_pose_frame_mismatch-guest:kiosk]" time="0.001" /><testcase classname="test.test_drop_zone_departure_origin" name="test_unknown_origin_rejects_before_claim_or_motion[nan_coordinate-drop_zone_pose_nonfinite-http_ui_destination]" time="0.001" /><testcase classname="test.test_drop_zone_departure_origin" name="test_unknown_origin_rejects_before_claim_or_motion[nan_coordinate-drop_zone_pose_nonfinite-guest:kiosk]" time="0.001" /><testcase classname="test.test_drop_zone_departure_origin" name="test_unknown_origin_rejects_before_claim_or_motion[boundary-drop_zone_pose_on_boundary-http_ui_destination]" time="0.001" /><testcase classname="test.test_drop_zone_departure_origin" name="test_unknown_origin_rejects_before_claim_or_motion[boundary-drop_zone_pose_on_boundary-guest:kiosk]" time="0.001" /><testcase classname="test.test_drop_zone_departure_origin" name="test_unknown_origin_rejects_before_claim_or_motion[malformed_pose-drop_zone_pose_invalid-http_ui_destination]" time="0.001" /><testcase classname="test.test_drop_zone_departure_origin" name="test_unknown_origin_rejects_before_claim_or_motion[malformed_pose-drop_zone_pose_invalid-guest:kiosk]" time="0.001" /><testcase classname="test.test_drop_zone_departure_origin" name="test_charge_contact_outside_station_refuses_goal_and_exit" time="0.001" /><testcase classname="test.test_drop_zone_departure_origin" name="test_missing_startup_snapshot_still_publishes_safe_rejection" time="0.001" /><testcase classname="test.test_drop_zone_departure_origin" name="test_battery_rejection_preserves_station_owners_and_queued_redock[False]" time="0.001" /><testcase classname="test.test_drop_zone_departure_origin" name="test_battery_rejection_preserves_station_owners_and_queued_redock[True]" time="0.001" /><testcase classname="test.test_drop_zone_departure_origin" name="test_duplicate_and_cancel_do_not_reissue_or_resurrect_exit[http_ui_destination]" time="0.001" /><testcase classname="test.test_drop_zone_departure_origin" name="test_duplicate_and_cancel_do_not_reissue_or_resurrect_exit[guest:kiosk]" time="0.001" /><testcase classname="test.test_drop_zone_departure_origin" name="test_malformed_polygon_invalidates_whole_catalog[None]" time="0.006" /><testcase classname="test.test_drop_zone_departure_origin" name="test_malformed_polygon_invalidates_whole_catalog[corners1]" time="0.004" /><testcase classname="test.test_drop_zone_departure_origin" name="test_malformed_polygon_invalidates_whole_catalog[corners2]" time="0.003" /><testcase classname="test.test_drop_zone_departure_origin" name="test_malformed_polygon_invalidates_whole_catalog[corners3]" time="0.003" /><testcase classname="test.test_drop_zone_departure_origin" name="test_malformed_polygon_invalidates_whole_catalog[corners4]" time="0.003" /><testcase classname="test.test_drop_zone_departure_origin" name="test_malformed_polygon_invalidates_whole_catalog[corners5]" time="0.003" /><testcase classname="test.test_drop_zone_departure_origin" name="test_missing_or_invalid_yaml_is_fail_closed" time="0.001" /><testcase classname="test.test_drop_zone_departure_origin" name="test_current_bringup_polygon_contains_both_reported_station_poses" time="0.003" /><testcase classname="test.test_guest_admission_notice_frontend" name="test_admitted_guest_receives_nonmoving_preparation_notice[DROP_ZONE_WAIT]" time="0.032" /><testcase classname="test.test_guest_admission_notice_frontend" name="test_admitted_guest_receives_nonmoving_preparation_notice[CHARGING]" time="0.032" /><testcase classname="test.test_guest_admission_notice_frontend" name="test_admitted_guest_receives_nonmoving_preparation_notice[WAITING_FOR_CHARGING]" time="0.036" /><testcase classname="test.test_guest_admission_notice_frontend" name="test_stale_call_flags_cannot_cover_progress_arrival_or_error[change0]" time="0.037" /><testcase classname="test.test_guest_admission_notice_frontend" name="test_stale_call_flags_cannot_cover_progress_arrival_or_error[change1]" time="0.029" /><testcase classname="test.test_guest_admission_notice_frontend" name="test_stale_call_flags_cannot_cover_progress_arrival_or_error[change2]" time="0.031" /><testcase classname="test.test_guest_admission_notice_frontend" name="test_stale_call_flags_cannot_cover_progress_arrival_or_error[change3]" time="0.031" /><testcase classname="test.test_guest_admission_notice_frontend" name="test_stale_call_flags_cannot_cover_progress_arrival_or_error[change4]" time="0.033" /><testcase classname="test.test_guest_admission_notice_frontend" name="test_stale_call_flags_cannot_cover_progress_arrival_or_error[change5]" time="0.035" /><testcase classname="test.test_guest_admission_notice_frontend" name="test_stale_call_flags_cannot_cover_progress_arrival_or_error[change6]" time="0.042" /><testcase classname="test.test_guest_admission_notice_frontend" name="test_stale_call_flags_cannot_cover_progress_arrival_or_error[change7]" time="0.030" /><testcase classname="test.test_guest_admission_notice_frontend" name="test_stale_call_flags_cannot_cover_progress_arrival_or_error[change8]" time="0.035" /><testcase classname="test.test_guest_admission_notice_frontend" name="test_stale_call_flags_cannot_cover_progress_arrival_or_error[change9]" time="0.031" /><testcase classname="test.test_guest_admission_notice_frontend" name="test_stale_call_flags_cannot_cover_progress_arrival_or_error[change10]" time="0.034" /><testcase classname="test.test_guest_admission_notice_frontend" name="test_stale_call_flags_cannot_cover_progress_arrival_or_error[change11]" time="0.040" /><testcase classname="test.test_guest_admission_notice_frontend" name="test_stale_call_flags_cannot_cover_progress_arrival_or_error[change12]" time="0.044" /><testcase classname="test.test_guest_admission_notice_frontend" name="test_stale_call_flags_cannot_cover_progress_arrival_or_error[change13]" time="0.036" /><testcase classname="test.test_guest_admission_notice_frontend" name="test_stale_call_flags_cannot_cover_progress_arrival_or_error[change14]" time="0.029" /><testcase classname="test.test_guest_admission_notice_frontend" name="test_stale_call_flags_cannot_cover_progress_arrival_or_error[change15]" time="0.038" /><testcase classname="test.test_guest_admission_notice_frontend" name="test_stale_call_flags_cannot_cover_progress_arrival_or_error[change16]" time="0.034" /><testcase classname="test.test_guest_admission_notice_frontend" name="test_stale_call_flags_cannot_cover_progress_arrival_or_error[change17]" time="0.032" /><testcase classname="test.test_guest_admission_notice_frontend" name="test_stale_call_flags_cannot_cover_progress_arrival_or_error[change18]" time="0.038" /><testcase classname="test.test_guest_admission_notice_frontend" name="test_stale_call_flags_cannot_cover_progress_arrival_or_error[change19]" time="0.033" /><testcase classname="test.test_guest_admission_notice_frontend" name="test_stale_call_flags_cannot_cover_progress_arrival_or_error[change20]" time="0.029" /><testcase classname="test.test_guest_admission_notice_frontend" name="test_stale_call_flags_cannot_cover_progress_arrival_or_error[change21]" time="0.036" /><testcase classname="test.test_guest_admission_notice_frontend" name="test_stale_call_flags_cannot_cover_progress_arrival_or_error[change22]" time="0.032" /><testcase classname="test.test_guest_admission_notice_frontend" name="test_stale_call_flags_cannot_cover_progress_arrival_or_error[change23]" time="0.032" /><testcase classname="test.test_guest_admission_notice_frontend" name="test_notice_requires_current_guest_identity[identity0]" time="0.036" /><testcase classname="test.test_guest_admission_notice_frontend" name="test_notice_requires_current_guest_identity[identity1]" time="0.033" /><testcase classname="test.test_guest_admission_notice_frontend" name="test_notice_requires_current_guest_identity[identity2]" time="0.029" /><testcase classname="test.test_guest_admission_notice_frontend" name="test_notice_requires_current_guest_identity[identity3]" time="0.034" /><testcase classname="test.test_guest_admission_notice_frontend" name="test_notice_requires_current_guest_identity[identity4]" time="0.032" /><testcase classname="test.test_guest_admission_notice_frontend" name="test_notice_requires_current_guest_identity[identity5]" time="0.033" /><testcase classname="test.test_guest_admission_notice_frontend" name="test_notice_requires_current_guest_identity[identity6]" time="0.041" /><testcase classname="test.test_guest_admission_notice_frontend" name="test_notice_requires_current_guest_identity[identity7]" time="0.032" /><testcase classname="test.test_guest_admission_notice_frontend" name="test_notice_requires_current_guest_identity[identity8]" time="0.036" /><testcase classname="test.test_guest_admission_notice_frontend" name="test_notice_requires_current_guest_identity[identity9]" time="0.039" /><testcase classname="test.test_guest_admission_notice_frontend" name="test_real_websocket_flags_survive_but_cannot_hide_active_controls_or_final_confirmation" time="0.034" /><testcase classname="test.test_guest_admission_notice_frontend" name="test_both_screen_headers_use_normal_flow_status_and_have_no_guest_modal" time="0.001" /><testcase classname="test.test_operator_telemetry.OperatorTelemetryTest" name="test_browser_lease_never_activates_when_feature_is_disabled" time="0.000" /><testcase classname="test.test_operator_telemetry.OperatorTelemetryTest" name="test_default_topics_match_public_runtime_contracts" time="0.000" /><testcase classname="test.test_operator_telemetry.OperatorTelemetryTest" name="test_docking_pose_detection_and_charging_are_independent" time="0.000" /><testcase classname="test.test_operator_telemetry.OperatorTelemetryTest" name="test_docking_tab_prunes_unrelated_sensor_payloads" time="0.000" /><testcase classname="test.test_operator_telemetry.OperatorTelemetryTest" name="test_initial_contract_contains_every_operator_surface" time="0.000" /><testcase classname="test.test_operator_telemetry.OperatorTelemetryTest" name="test_json_float_filter_rejects_non_finite_values" time="0.000" /><testcase classname="test.test_operator_telemetry.OperatorTelemetryTest" name="test_manual_goal_gate_enforces_readiness_service_and_battery" time="0.000" /><testcase classname="test.test_operator_telemetry.OperatorTelemetryTest" name="test_manual_goal_publishes_raw_pose_before_manual_engage" time="0.001" /><testcase classname="test.test_operator_telemetry.OperatorTelemetryTest" name="test_manual_goal_validation_normalizes_yaw_and_rejects_nonfinite" time="0.000" /><testcase classname="test.test_operator_telemetry.OperatorTelemetryTest" name="test_map_pointcloud_is_rotated_into_robot_local_frame" time="0.000" /><testcase classname="test.test_operator_telemetry.OperatorTelemetryTest" name="test_marker_cube_is_exposed_as_closed_bbox_outline" time="0.000" /><testcase classname="test.test_operator_telemetry.OperatorTelemetryTest" name="test_new_view_resets_rate_history_from_previous_lease" time="0.000" /><testcase classname="test.test_operator_telemetry.OperatorTelemetryTest" name="test_occupancy_grid_sampling_is_bounded_and_map_aligned" time="0.000" /><testcase classname="test.test_operator_telemetry.OperatorTelemetryTest" name="test_path_decimation_preserves_endpoints_and_limit" time="0.000" /><testcase classname="test.test_operator_telemetry.OperatorTelemetryTest" name="test_pointcloud_sampling_is_bounded_and_filters_invalid_points" time="0.000" /><testcase classname="test.test_operator_telemetry.OperatorTelemetryTest" name="test_proximity_tab_retains_only_authoritative_radar_cost_evidence" time="0.000" /><testcase classname="test.test_operator_telemetry.OperatorTelemetryTest" name="test_quaternion_heading_uses_normalized_yaw" time="0.000" /><testcase classname="test.test_operator_telemetry.OperatorTelemetryTest" name="test_raw_camera_fallback_downscales_oversized_frame" time="0.457" /><testcase classname="test.test_operator_telemetry.OperatorTelemetryTest" name="test_raw_camera_fallback_encodes_supported_layout" time="0.001" /><testcase classname="test.test_operator_telemetry.OperatorTelemetryTest" name="test_stale_tab_release_does_not_cancel_newer_view" time="0.000" /><testcase classname="test.test_operator_telemetry.OperatorTelemetryTest" name="test_tab_payload_prunes_unrelated_high_volume_sections" time="0.001" /><testcase classname="test.test_operator_telemetry.OperatorTelemetryTest" name="test_telemetry_lease_wakes_ros_executor_without_polling_delay" time="0.000" /><testcase classname="test.test_operator_telemetry.OperatorTelemetryTest" name="test_telemetry_stream_rate_is_bounded_for_arm_runtime" time="0.000" /><testcase classname="test.test_operator_telemetry.OperatorTelemetryTest" name="test_websocket_disconnect_watcher_consumes_asgi_close_event" time="0.001" /><testcase classname="test.test_platform_tuning_frontend_contract" name="test_unreceived_value_is_not_a_default_and_cannot_post" time="0.032" /><testcase classname="test.test_platform_tuning_frontend_contract" name="test_unavailable_or_invalid_success_never_enables_control[body0]" time="0.038" /><testcase classname="test.test_platform_tuning_frontend_contract" name="test_unavailable_or_invalid_success_never_enables_control[body1]" time="0.036" /><testcase classname="test.test_platform_tuning_frontend_contract" name="test_unavailable_or_invalid_success_never_enables_control[body2]" time="0.029" /><testcase classname="test.test_platform_tuning_frontend_contract" name="test_unavailable_or_invalid_success_never_enables_control[body3]" time="0.034" /><testcase classname="test.test_platform_tuning_frontend_contract" name="test_unavailable_or_invalid_success_never_enables_control[body4]" time="0.033" /><testcase classname="test.test_platform_tuning_frontend_contract" name="test_unavailable_or_invalid_success_never_enables_control[body5]" time="0.033" /><testcase classname="test.test_platform_tuning_frontend_contract" name="test_unavailable_or_invalid_success_never_enables_control[body6]" time="0.034" /><testcase classname="test.test_platform_tuning_frontend_contract" name="test_unavailable_or_invalid_success_never_enables_control[body7]" time="0.036" /><testcase classname="test.test_platform_tuning_frontend_contract" name="test_unavailable_or_invalid_success_never_enables_control[body8]" time="0.032" /><testcase classname="test.test_platform_tuning_frontend_contract" name="test_http_network_json_and_nonfinite_failures_disable_control[await respond(0, good(0.5), false)]" time="0.034" /><testcase classname="test.test_platform_tuning_frontend_contract" name="test_http_network_json_and_nonfinite_failures_disable_control[requests[0].reject(new Error('offline')); await tick()]" time="0.036" /><testcase classname="test.test_platform_tuning_frontend_contract" name="test_http_network_json_and_nonfinite_failures_disable_control[requests[0].resolve({ok: true, json: async () =&gt; { throw new Error('bad JSON'); }}); await tick()]" time="0.032" /><testcase classname="test.test_platform_tuning_frontend_contract" name="test_http_network_json_and_nonfinite_failures_disable_control[await respond(0, good(NaN))]" time="0.035" /><testcase classname="test.test_platform_tuning_frontend_contract" name="test_http_network_json_and_nonfinite_failures_disable_control[await respond(0, good(Infinity))]" time="0.030" /><testcase classname="test.test_platform_tuning_frontend_contract" name="test_draft_is_not_confirmed_and_only_acknowledged_response_updates_applied_value" time="0.034" /><testcase classname="test.test_platform_tuning_frontend_contract" name="test_apply_failure_preserves_last_confirmed_value_but_hides_it_and_blocks_new_posts[await respond(1, {success:false,available:true})]" time="0.033" /><testcase classname="test.test_platform_tuning_frontend_contract" name="test_apply_failure_preserves_last_confirmed_value_but_hides_it_and_blocks_new_posts[await respond(1, {success:false,available:false})]" time="0.032" /><testcase classname="test.test_platform_tuning_frontend_contract" name="test_apply_failure_preserves_last_confirmed_value_but_hides_it_and_blocks_new_posts[requests[1].reject(new Error('offline')); await tick()]" time="0.037" /><testcase classname="test.test_platform_tuning_frontend_contract" name="test_unmount_cancels_draft_and_ignores_late_get_or_post_responses" time="0.037" /><testcase classname="test.test_platform_tuning_frontend_contract" name="test_strict_effect_remount_ignores_old_success_and_failure" time="0.033" /><testcase classname="test.test_platform_tuning_frontend_contract" name="test_invalid_changes_do_not_schedule_or_post" time="0.037" /><testcase classname="test.test_platform_tuning_frontend_contract" name="test_dom_shows_only_confirmed_available_value_and_disables_unavailable_or_pending_slider" time="0.000" /><testcase classname="test.test_service_metrics.ServiceMetricsTrackerTest" name="test_asia_seoul_today_daily_history_and_lifetime_aggregation" time="0.001" /><testcase classname="test.test_service_metrics.ServiceMetricsTrackerTest" name="test_different_site_supersedes_active_service" time="0.000" /><testcase classname="test.test_service_metrics.ServiceMetricsTrackerTest" name="test_full_service_sequence_and_duplicate_terminals_complete_once" time="0.000" /><testcase classname="test.test_service_metrics.ServiceMetricsTrackerTest" name="test_interrupted_distance_counts_in_totals_but_not_completed_count" time="0.000" /><testcase classname="test.test_service_metrics.ServiceMetricsTrackerTest" name="test_invalid_duplicate_backwards_gap_and_fast_samples_are_filtered" time="0.001" /><testcase classname="test.test_service_metrics.ServiceMetricsTrackerTest" name="test_operator_stopped_interrupts_active_service" time="0.001" /><testcase classname="test.test_service_metrics.ServiceMetricsTrackerTest" name="test_planar_velocity_uses_trapezoid_and_minimum_speed_filter" time="0.001" /><testcase classname="test.test_service_metrics.ServiceMetricsTrackerTest" name="test_same_site_start_is_coalesced" time="0.001" /><testcase classname="test.test_service_metrics.ServiceMetricsTrackerTest" name="test_site_summaries_cover_b1_to_b13_with_average_latest_and_progress" time="0.001" /><testcase classname="test.test_service_metrics.ServiceMetricsTrackerTest" name="test_sqlite_close_reopen_recovers_active_run_then_completes" time="0.018" /><testcase classname="test.test_ui_backend_stop.UiBackendStopTest" name="test_accepted_already_arrived_destination_starts_service_evidence" time="0.001" /><testcase classname="test.test_ui_backend_stop.UiBackendStopTest" name="test_arrival_uses_active_mission_site_after_destination_is_cleared" time="0.000" /><testcase classname="test.test_ui_backend_stop.UiBackendStopTest" name="test_battery_rejected_destination_does_not_become_active_site" time="0.001" /><testcase classname="test.test_ui_backend_stop.UiBackendStopTest" name="test_both_ui_nodes_accept_external_shutdown_as_clean_exit" time="0.001" /><testcase classname="test.test_ui_backend_stop.UiBackendStopTest" name="test_campsite_occupancy_guard_is_disabled_end_to_end" time="0.001" /><testcase classname="test.test_ui_backend_stop.UiBackendStopTest" name="test_can_wait_expires_and_cannot_move_later" time="0.000" /><testcase classname="test.test_ui_backend_stop.UiBackendStopTest" name="test_cancel_uses_rclpy_call_async_and_cancels_every_motion_owner" time="0.000" /><testcase classname="test.test_ui_backend_stop.UiBackendStopTest" name="test_charging_contact_does_not_cancel_active_station_departure" time="0.000" /><testcase classname="test.test_ui_backend_stop.UiBackendStopTest" name="test_charging_destination_waits_seven_seconds_before_one_exit" time="0.000" /><testcase classname="test.test_ui_backend_stop.UiBackendStopTest" name="test_competing_destination_preserves_authoritative_mission" time="0.000" /><testcase classname="test.test_ui_backend_stop.UiBackendStopTest" name="test_competing_request_replays_current_identity_without_foreign_ui_error" time="0.000" /><testcase classname="test.test_ui_backend_stop.UiBackendStopTest" name="test_concurrent_second_return_does_not_invalidate_first_rearm" time="0.000" /><testcase classname="test.test_ui_backend_stop.UiBackendStopTest" name="test_contact_bounce_does_not_extend_original_redock_deadline" time="0.001" /><testcase classname="test.test_ui_backend_stop.UiBackendStopTest" name="test_destination_topic_preserves_guest_prefix_for_recall_dispatch" time="0.000" /><testcase classname="test.test_ui_backend_stop.UiBackendStopTest" name="test_dispatch_snapshot_and_status_expose_one_identity" time="0.000" /><testcase classname="test.test_ui_backend_stop.UiBackendStopTest" name="test_dispatch_status_uses_transient_local_state_qos" time="0.001" /><testcase classname="test.test_ui_backend_stop.UiBackendStopTest" name="test_duplicate_destination_is_idempotent_during_charging_dwell" time="0.000" /><testcase classname="test.test_ui_backend_stop.UiBackendStopTest" name="test_duplicate_destination_is_idempotent_during_station_departure" time="0.000" /><testcase classname="test.test_ui_backend_stop.UiBackendStopTest" name="test_enabled_occupancy_guard_cancels_only_pre_entry_dispatch" time="0.000" /><testcase classname="test.test_ui_backend_stop.UiBackendStopTest" name="test_enabled_occupancy_guard_does_not_cancel_committed_entry" time="0.000" /><testcase classname="test.test_ui_backend_stop.UiBackendStopTest" name="test_enabled_occupancy_guard_preserves_active_guest_recall" time="0.000" /><testcase classname="test.test_ui_backend_stop.UiBackendStopTest" name="test_failed_station_exit_never_releases_campsite_key_or_goal" time="0.000" /><testcase classname="test.test_ui_backend_stop.UiBackendStopTest" name="test_guest_calls_b1_through_b13_publish_typed_roadside_recall" time="0.001" /><testcase classname="test.test_ui_backend_stop.UiBackendStopTest" name="test_guest_recall_from_fresh_backend_exits_drop_zone_before_planning" time="0.001" /><testcase classname="test.test_ui_backend_stop.UiBackendStopTest" name="test_http_server_is_stopped_before_node_destruction" time="0.000" /><testcase classname="test.test_ui_backend_stop.UiBackendStopTest" name="test_live_robot_clients_receive_ws_guest_http_admission_and_clear" time="0.001" /><testcase classname="test.test_ui_backend_stop.UiBackendStopTest" name="test_manual_return_at_drop_zone_starts_alignment_without_nav_loop" time="0.000" /><testcase classname="test.test_ui_backend_stop.UiBackendStopTest" name="test_manual_return_defers_planning_until_site_exit_reaches_anchor" time="0.000" /><testcase classname="test.test_ui_backend_stop.UiBackendStopTest" name="test_manual_return_during_normal_travel_preempts_with_planning_recall" time="0.000" /><testcase classname="test.test_ui_backend_stop.UiBackendStopTest" name="test_manual_return_realigns_when_charging_contact_was_lost" time="0.000" /><testcase classname="test.test_ui_backend_stop.UiBackendStopTest" name="test_manual_return_request_reopens_gate_before_fresh_route" time="0.000" /><testcase classname="test.test_ui_backend_stop.UiBackendStopTest" name="test_only_selected_parking_controller_error_enables_manual_retry" time="0.000" /><testcase classname="test.test_ui_backend_stop.UiBackendStopTest" name="test_operator_destination_stays_normal_delivery_not_guest_recall" time="0.001" /><testcase classname="test.test_ui_backend_stop.UiBackendStopTest" name="test_operator_stop_cancels_pending_charging_departure_timer" time="0.000" /><testcase classname="test.test_ui_backend_stop.UiBackendStopTest" name="test_operator_stop_cancels_pending_return_before_route_publish" time="0.000" /><testcase classname="test.test_ui_backend_stop.UiBackendStopTest" name="test_operator_stop_suppresses_queued_departure_statuses" time="0.000" /><testcase classname="test.test_ui_backend_stop.UiBackendStopTest" name="test_orphan_exit_complete_clears_recovered_departing_state" time="0.000" /><testcase classname="test.test_ui_backend_stop.UiBackendStopTest" name="test_orphan_failure_before_exit_status_blocks_recovery_until_retry" time="0.000" /><testcase classname="test.test_ui_backend_stop.UiBackendStopTest" name="test_parking_rearm_waits_for_old_parked_heartbeat_interval" time="0.000" /><testcase classname="test.test_ui_backend_stop.UiBackendStopTest" name="test_platform_velocity_is_recorded_without_battery_telemetry" time="0.000" /><testcase classname="test.test_ui_backend_stop.UiBackendStopTest" name="test_prestart_idle_cannot_fail_new_exit_and_fresh_exit_wins_old_false" time="0.000" /><testcase classname="test.test_ui_backend_stop.UiBackendStopTest" name="test_queue_rechecks_a_release_edge_before_installing_pending" time="0.000" /><testcase classname="test.test_ui_backend_stop.UiBackendStopTest" name="test_queued_redock_expires_instead_of_moving_on_a_late_unplug" time="0.000" /><testcase classname="test.test_ui_backend_stop.UiBackendStopTest" name="test_readiness_timer_can_rebroadcast_unchanged_authoritative_state" time="0.000" /><testcase classname="test.test_ui_backend_stop.UiBackendStopTest" name="test_redock_defers_align_until_can_then_resumes_same_generation" time="0.000" /><testcase classname="test.test_ui_backend_stop.UiBackendStopTest" name="test_redock_snapshot_preserves_async_wait_state_for_reconnect" time="0.000" /><testcase classname="test.test_ui_backend_stop.UiBackendStopTest" name="test_redock_started_in_rc_mode_reports_can_mode_wait" time="0.000" /><testcase classname="test.test_ui_backend_stop.UiBackendStopTest" name="test_restart_attaches_to_active_departure_and_defers_changed_site" time="0.000" /><testcase classname="test.test_ui_backend_stop.UiBackendStopTest" name="test_restart_gate_blocks_admission_until_cancel_futures_complete" time="0.001" /><testcase classname="test.test_ui_backend_stop.UiBackendStopTest" name="test_return_admission_rejects_stale_arrival_state" time="0.000" /><testcase classname="test.test_ui_backend_stop.UiBackendStopTest" name="test_return_while_charging_waits_for_release_then_redocks_once" time="0.000" /><testcase classname="test.test_ui_backend_stop.UiBackendStopTest" name="test_robot_completes_guest_recall_once_without_early_planning" time="0.000" /><testcase classname="test.test_ui_backend_stop.UiBackendStopTest" name="test_robot_guest_completion_rejects_wrong_site_generation_and_early_return" time="0.000" /><testcase classname="test.test_ui_backend_stop.UiBackendStopTest" name="test_robot_identity_broadcast_is_independent_of_guest_ros_publisher" time="0.000" /><testcase classname="test.test_ui_backend_stop.UiBackendStopTest" name="test_robot_ui_recall_uses_explicit_roadside_source_and_skips_occupancy" time="0.000" /><testcase classname="test.test_ui_backend_stop.UiBackendStopTest" name="test_same_return_state_phase_changes_reach_guest_authority_stream" time="0.001" /><testcase classname="test.test_ui_backend_stop.UiBackendStopTest" name="test_second_return_button_does_not_restart_active_return_route" time="0.000" /><testcase classname="test.test_ui_backend_stop.UiBackendStopTest" name="test_service_heartbeat_restores_restart_departure_without_duplicate_edges" time="0.001" /><testcase classname="test.test_ui_backend_stop.UiBackendStopTest" name="test_service_state_qos_preserves_return_transition_burst" time="0.001" /><testcase classname="test.test_ui_backend_stop.UiBackendStopTest" name="test_site_occupancy_lookup_follows_guard_toggle" time="0.000" /><testcase classname="test.test_ui_backend_stop.UiBackendStopTest" name="test_stale_destination_off_cannot_stop_newer_mission" time="0.000" /><testcase classname="test.test_ui_backend_stop.UiBackendStopTest" name="test_stale_owned_return_cannot_change_current_mission" time="0.000" /><testcase classname="test.test_ui_backend_stop.UiBackendStopTest" name="test_station_states_defer_campsite_identity_and_goal_until_exit" time="0.001" /><testcase classname="test.test_ui_backend_stop.UiBackendStopTest" name="test_stop_generation_invalidates_taken_release_before_start" time="0.000" /><testcase classname="test.test_ui_backend_stop.UiBackendStopTest" name="test_successful_station_exit_releases_key_then_goal_once" time="0.000" /><testcase classname="test.test_ui_backend_stop.UiBackendStopTest" name="test_terminal_handoff_state_before_exit_complete_is_not_rolled_back" time="0.000" /><testcase classname="test.test_ui_backend_stop.UiBackendStopTest" name="test_ui_camping_operation_cancel_uses_full_operator_stop_path" time="0.000" /><testcase classname="test.test_ui_backend_stop.UiBackendStopTest" name="test_ui_camping_operation_return_behavior_is_preserved" time="0.001" /><testcase classname="test.test_ui_guest_contract.GuestUiContractTest" name="test_backend_battery_parking_policy_is_forwarded_and_reconnectable" time="0.000" /><testcase classname="test.test_ui_guest_contract.GuestUiContractTest" name="test_backend_dispatch_site_is_replayed_with_service_state" time="0.000" /><testcase classname="test.test_ui_guest_contract.GuestUiContractTest" name="test_charging_heartbeat_preserves_recall_intent_until_return_completes" time="0.000" /><testcase classname="test.test_ui_guest_contract.GuestUiContractTest" name="test_destination_request_owner_separates_guest_robot_and_operator" time="0.000" /><testcase classname="test.test_ui_guest_contract.GuestUiContractTest" name="test_destination_request_topic_is_not_treated_as_backend_admission" time="0.000" /><testcase classname="test.test_ui_guest_contract.GuestUiContractTest" name="test_dispatch_status_distinguishes_delivery_recall_and_owner" time="0.000" /><testcase classname="test.test_ui_guest_contract.GuestUiContractTest" name="test_guest_cancel_is_available_only_while_motion_is_owned" time="0.000" /><testcase classname="test.test_ui_guest_contract.GuestUiContractTest" name="test_guest_cancel_publishes_typed_operation_request" time="0.000" /><testcase classname="test.test_ui_guest_contract.GuestUiContractTest" name="test_guest_consumes_only_backend_filtered_service_lifecycle" time="0.001" /><testcase classname="test.test_ui_guest_contract.GuestUiContractTest" name="test_guest_dispatch_ack_timeout_releases_only_generation_zero_reservation" time="0.001" /><testcase classname="test.test_ui_guest_contract.GuestUiContractTest" name="test_guest_dispatch_requires_stationary_state_and_soc_margin" time="0.000" /><testcase classname="test.test_ui_guest_contract.GuestUiContractTest" name="test_guest_dispatch_stale_nonce_ack_cannot_replace_current_reservation" time="0.000" /><testcase classname="test.test_ui_guest_contract.GuestUiContractTest" name="test_guest_frontend_copy_distinguishes_recall_loading_and_return" time="0.001" /><testcase classname="test.test_ui_guest_contract.GuestUiContractTest" name="test_guest_frontend_exposes_cancel_for_travel_return_and_docking" time="0.001" /><testcase classname="test.test_ui_guest_contract.GuestUiContractTest" name="test_guest_frontend_exposes_parked_charge_wait_for_dispatch" time="0.000" /><testcase classname="test.test_ui_guest_contract.GuestUiContractTest" name="test_guest_frontend_rejects_stale_lifecycle_with_stale_identity" time="0.000" /><testcase classname="test.test_ui_guest_contract.GuestUiContractTest" name="test_guest_frontend_requires_explicit_request_intent_for_recall_copy" time="0.001" /><testcase classname="test.test_ui_guest_contract.GuestUiContractTest" name="test_guest_policy_rejects_malformed_types_without_erasing_valid_state" time="0.000" /><testcase classname="test.test_ui_guest_contract.GuestUiContractTest" name="test_guest_recall_and_return_keep_typed_topic_contracts" time="0.000" /><testcase classname="test.test_ui_guest_contract.GuestUiContractTest" name="test_guest_recall_reservation_blocks_competing_site_during_departure_dwell" time="0.000" /><testcase classname="test.test_ui_guest_contract.GuestUiContractTest" name="test_guest_return_requires_matching_boolean_stage_and_no_execution_error" time="0.000" /><testcase classname="test.test_ui_guest_contract.GuestUiContractTest" name="test_guest_return_reservation_is_owned_and_single_shot" time="0.000" /><testcase classname="test.test_ui_guest_contract.GuestUiContractTest" name="test_guest_usage_complete_requires_owned_recall_arrival" time="0.000" /><testcase classname="test.test_ui_guest_contract.GuestUiContractTest" name="test_guest_uses_control_hold_not_generic_warning_as_safety_overlay" time="0.000" /><testcase classname="test.test_ui_guest_contract.GuestUiContractTest" name="test_platform_battery_fraction_matches_robot_ui_percent" time="0.000" /><testcase classname="test.test_ui_guest_contract.GuestUiContractTest" name="test_rejected_guest_request_restores_backend_authoritative_robot_site" time="0.000" /><testcase classname="test.test_ui_guest_contract.GuestUiContractTest" name="test_stale_dispatch_cannot_overwrite_battery_parking_policy" time="0.000" /><testcase classname="test.test_ui_guest_contract.GuestUiContractTest" name="test_uncharged_parked_guest_dispatch_enters_backend_station_exit" time="0.000" /><testcase classname="test.test_ui_guest_contract.GuestUiContractTest" name="test_unrelated_dispatch_status_preserves_pending_usage_complete" time="0.001" /><testcase classname="test.test_ui_guest_reconnect.GuestReconnectTest" name="test_backend_restart_revision_zero_is_accepted_on_new_current_open" time="0.036" /><testcase classname="test.test_ui_guest_reconnect.GuestReconnectTest" name="test_current_heartbeat_and_close_keep_existing_behavior" time="0.038" /><testcase classname="test.test_ui_guest_reconnect.GuestReconnectTest" name="test_lock_or_grace_suppresses_current_reconnect_timer" time="0.032" /><testcase classname="test.test_ui_guest_reconnect.GuestReconnectTest" name="test_old_open_message_close_and_error_cannot_overwrite_current_socket" time="0.031" /><testcase classname="test.test_ui_guest_reconnect.GuestReconnectTest" name="test_same_connection_older_revision_keeps_identity_and_lifecycle" time="0.039" /><testcase classname="test.test_ui_guest_reconnect.GuestReconnectTest" name="test_stale_reconnect_timer_cannot_replace_newer_or_closed_generation" time="0.036" /><testcase classname="test.test_ui_guest_transport.GuestTransportTest" name="test_concurrent_json_writes_are_serialized" time="0.026" /><testcase classname="test.test_ui_guest_transport.GuestTransportTest" name="test_connection_claim_and_grace_do_not_require_an_await" time="0.004" /><testcase classname="test.test_ui_guest_transport.GuestTransportTest" name="test_guest_http_server_stops_before_ros_entities" time="0.003" /><testcase classname="test.test_ui_guest_transport.OperatorWindowTest" name="test_chromium_command_uses_private_kiosk_profile" time="0.001" /><testcase classname="test.test_ui_guest_transport.OperatorWindowTest" name="test_frontend_revision_hash_bypasses_http_cache" time="0.002" /><testcase classname="test.test_ui_guest_transport.OperatorWindowTest" name="test_frontend_revision_probe_tolerates_http_and_transport_failures" time="0.001" /><testcase classname="test.test_ui_guest_transport.OperatorWindowTest" name="test_fullscreen_defaults_on_and_can_be_disabled" time="0.001" /><testcase classname="test.test_ui_guest_transport.OperatorWindowTest" name="test_kiosk_and_heartbeat_are_wired_through_source_assets" time="0.028" /><testcase classname="test.test_ui_guest_transport.OperatorWindowTest" name="test_readiness_probe_retries_without_busy_spinning" time="0.021" /><testcase classname="test.test_ui_guest_transport.OperatorWindowTest" name="test_webkit_engine_is_default_with_explicit_chromium_override" time="0.002" /><testcase classname="test.test_ui_guest_transport.BackendEndpointContractTest" name="test_ros_touching_rest_handlers_run_off_the_event_loop" time="0.195" /><testcase classname="test.test_ui_roadside_adoption.RoadsideArrivalContractTest" name="test_b11_b12_and_b13_operational_offsets_match_both_sides" time="0.001" /><testcase classname="test.test_ui_roadside_adoption.RoadsideArrivalContractTest" name="test_invalid_route_quaternion_and_frame_fail_closed" time="0.001" /><testcase classname="test.test_ui_roadside_adoption.RoadsideArrivalContractTest" name="test_lanelet_snap_and_wrong_crab_side_do_not_match" time="0.001" /><testcase classname="test.test_ui_roadside_adoption.RoadsideArrivalContractTest" name="test_matched_reselection_publishes_adopt_without_new_nav_goal" time="0.001" /><testcase classname="test.test_ui_roadside_adoption.RoadsideArrivalContractTest" name="test_roadside_never_falls_back_to_polygon_or_center" time="0.000" /><testcase classname="test.test_ui_roadside_adoption.RoadsideArrivalContractTest" name="test_source_and_launch_keep_the_full_roadside_contract" time="0.001" /><testcase classname="test.test_ui_roadside_adoption.RoadsideArrivalContractTest" name="test_stamp_correlates_route_anchor_to_exact_mission_and_is_bounded" time="0.001" /><testcase classname="test.test_ui_roadside_adoption.RoadsideArrivalContractTest" name="test_wrong_mission_stale_or_disagreeing_lanelet_fails_closed" time="0.001" /><testcase classname="test.test_ui_robot_frontend_contract.RobotUiFrontendContractTest" name="test_active_service_screen_can_open_full_service_evidence" time="0.001" /><testcase classname="test.test_ui_robot_frontend_contract.RobotUiFrontendContractTest" name="test_active_service_screen_exposes_current_trip_distance" time="0.001" /><testcase classname="test.test_ui_robot_frontend_contract.RobotUiFrontendContractTest" name="test_admin_diagnostics_remain_available_across_service_screens" time="0.001" /><testcase classname="test.test_ui_robot_frontend_contract.RobotUiFrontendContractTest" name="test_battery_messages_distinguish_urgent_return_and_normal_parking_boundaries" time="0.033" /><testcase classname="test.test_ui_robot_frontend_contract.RobotUiFrontendContractTest" name="test_docking_view_shows_exact_lanelet_parking_approach" time="0.001" /><testcase classname="test.test_ui_robot_frontend_contract.RobotUiFrontendContractTest" name="test_docking_workspace_exposes_commands_image_path_and_charge" time="0.002" /><testcase classname="test.test_ui_robot_frontend_contract.RobotUiFrontendContractTest" name="test_evidence_modal_merges_live_summary_into_bounded_history" time="0.000" /><testcase classname="test.test_ui_robot_frontend_contract.RobotUiFrontendContractTest" name="test_explicit_dock_posts_only_dock_and_reports_backend_rejection" time="0.034" /><testcase classname="test.test_ui_robot_frontend_contract.RobotUiFrontendContractTest" name="test_frontend_entry_document_is_never_served_from_stale_cache" time="0.001" /><testcase classname="test.test_ui_robot_frontend_contract.RobotUiFrontendContractTest" name="test_guest_owned_recall_exposes_only_bound_robot_completion" time="0.001" /><testcase classname="test.test_ui_robot_frontend_contract.RobotUiFrontendContractTest" name="test_imported_png_assets_are_present_and_referenced" time="0.001" /><testcase classname="test.test_ui_robot_frontend_contract.RobotUiFrontendContractTest" name="test_motion_notice_only_replaces_motion_copy_and_preserves_arrival_actions" time="0.001" /><testcase classname="test.test_ui_robot_frontend_contract.RobotUiFrontendContractTest" name="test_operator_map_can_publish_a_confirmed_manual_goal" time="0.001" /><testcase classname="test.test_ui_robot_frontend_contract.RobotUiFrontendContractTest" name="test_operator_telemetry_lease_is_closed_on_unmount" time="0.001" /><testcase classname="test.test_ui_robot_frontend_contract.RobotUiFrontendContractTest" name="test_operator_telemetry_tabs_cover_rviz_runtime_surfaces" time="0.000" /><testcase classname="test.test_ui_robot_frontend_contract.RobotUiFrontendContractTest" name="test_public_service_evidence_preserves_waiting_screen_two_by_two_grid" time="0.001" /><testcase classname="test.test_ui_robot_frontend_contract.RobotUiFrontendContractTest" name="test_public_service_evidence_uses_summary_and_bounded_history_apis" time="0.002" /><testcase classname="test.test_ui_robot_frontend_contract.RobotUiFrontendContractTest" name="test_radar_echo_is_not_presented_as_stopping_cost" time="0.001" /><testcase classname="test.test_ui_robot_frontend_contract.RobotUiFrontendContractTest" name="test_recall_return_progress_matches_both_uis_for_every_site" time="0.076" /><testcase classname="test.test_ui_robot_frontend_contract.RobotUiFrontendContractTest" name="test_return_in_progress_exposes_authoritative_operator_stop" time="0.000" /><testcase classname="test.test_ui_robot_frontend_contract.RobotUiFrontendContractTest" name="test_return_status_exits_idle_screen" time="0.000" /><testcase classname="test.test_ui_robot_frontend_contract.RobotUiFrontendContractTest" name="test_robot_commands_are_bound_to_backend_mission_generation" time="0.001" /><testcase classname="test.test_ui_robot_frontend_contract.RobotUiFrontendContractTest" name="test_robot_completion_keeps_guest_mission_identity_and_phase_guards" time="0.034" /><testcase classname="test.test_ui_robot_frontend_contract.RobotUiFrontendContractTest" name="test_robot_operator_recall_is_distinct_from_campsite_delivery" time="0.001" /><testcase classname="test.test_ui_robot_frontend_contract.RobotUiFrontendContractTest" name="test_robot_recall_rejects_late_http_and_orphan_socket_authority" time="0.000" /><testcase classname="test.test_ui_robot_frontend_contract.RobotUiFrontendContractTest" name="test_robot_reconnect_restores_completion_and_preserves_minimal_phase_frames" time="0.120" /><testcase classname="test.test_ui_robot_frontend_contract.RobotUiFrontendContractTest" name="test_service_evidence_compares_all_sites_with_live_progress" time="0.000" /><testcase classname="test.test_ui_robot_frontend_contract.RobotUiFrontendContractTest" name="test_service_evidence_modal_has_responsive_bounded_layout" time="0.000" /><testcase classname="test.test_ui_robot_frontend_contract.RobotUiFrontendContractTest" name="test_service_evidence_never_substitutes_missing_data_with_zero" time="0.001" /><testcase classname="test.test_ui_robot_frontend_contract.RobotUiFrontendContractTest" name="test_service_motion_copy_defers_to_stop_or_error_without_claiming_false_motion" time="0.034" /><testcase classname="test.test_ui_robot_frontend_contract.RobotUiFrontendContractTest" name="test_site_keypad_layout_is_bounded_for_windowed_operation" time="0.000" /><testcase classname="test.test_ui_robot_frontend_contract.RobotUiFrontendContractTest" name="test_site_verification_normalizes_physical_keyboard_input" time="0.000" /><testcase classname="test.test_ui_robot_frontend_contract.RobotUiFrontendContractTest" name="test_site_verification_owns_virtual_keyboard_input" time="0.000" /><testcase classname="test.test_ui_robot_frontend_contract.RobotUiFrontendContractTest" name="test_two_stage_completion_sends_explicit_stage_once_and_blocks_execution_failure" time="0.031" /><testcase classname="test.test_ui_state_policy.UiStatePolicyTest" name="test_dummy_warn_is_degraded_ready_but_error_is_not" time="0.000" /><testcase classname="test.test_ui_state_policy.UiStatePolicyTest" name="test_engage_before_last_prerequisite_does_not_block_initialization" time="0.000" /><testcase classname="test.test_ui_state_policy.UiStatePolicyTest" name="test_engage_without_a_goal_does_not_claim_driving" time="0.000" /><testcase classname="test.test_ui_state_policy.UiStatePolicyTest" name="test_holding_gate_alone_keeps_destination_selection_available" time="0.000" /><testcase classname="test.test_ui_state_policy.UiStatePolicyTest" name="test_inactive_required_module_is_not_ready_even_at_warn" time="0.000" /><testcase classname="test.test_ui_state_policy.UiStatePolicyTest" name="test_localization_reacquisition_returns_to_initialization" time="0.000" /><testcase classname="test.test_ui_state_policy.UiStatePolicyTest" name="test_manual_and_ui_goals_use_the_same_phase_sequence" time="0.000" /><testcase classname="test.test_ui_state_policy.UiStatePolicyTest" name="test_startup_requires_all_real_prerequisites" time="0.000" /></testsuite></testsuites>