<?xml version="1.0" encoding="UTF-8"?>
<testsuites tests="4" failures="0" disabled="0" errors="0" time="0.001" timestamp="2026-09-08T13:23:52" name="AllTests">
  <testsuite name="ReverseParkingCompletion" tests="4" failures="0" disabled="0" errors="0" time="0" timestamp="2026-09-08T13:23:52">
    <testcase name="TravelLimitDoesNotMeanStationArrival" status="run" result="completed" time="0" timestamp="2026-09-08T13:23:52" classname="camrod_control.ReverseParkingCompletion" />
    <testcase name="ExactAndInsideRadiusAreValidGoals" status="run" result="completed" time="0" timestamp="2026-09-08T13:23:52" classname="camrod_control.ReverseParkingCompletion" />
    <testcase name="AxisOnlyAndOvershootCannotPassTheGoalRadius" status="run" result="completed" time="0" timestamp="2026-09-08T13:23:52" classname="camrod_control.ReverseParkingCompletion" />
    <testcase name="InvalidCoordinatesAndToleranceFailClosed" status="run" result="completed" time="0" timestamp="2026-09-08T13:23:52" classname="camrod_control.ReverseParkingCompletion" />
  </testsuite>
</testsuites>
