<?xml version="1.0" encoding="UTF-8"?>
<testsuites tests="16" failures="0" disabled="0" errors="0" time="0.101" timestamp="2026-09-08T13:23:52" name="AllTests">
  <testsuite name="ReverseParkingControllerTest" tests="16" failures="0" disabled="0" errors="0" time="0.1" timestamp="2026-09-08T13:23:52">
    <testcase name="NewStationContinuesPastOldLimitAndCompletesOnlyAtGoal" status="run" result="completed" time="0.019" timestamp="2026-09-08T13:23:52" classname="camrod_control.ReverseParkingControllerTest" />
    <testcase name="TravelLimitMissIsErrorNotParked" status="run" result="completed" time="0.007" timestamp="2026-09-08T13:23:52" classname="camrod_control.ReverseParkingControllerTest" />
    <testcase name="GoalOutsideFiveMeterBoundIsRejectedBeforeMotion" status="run" result="completed" time="0.006" timestamp="2026-09-08T13:23:52" classname="camrod_control.ReverseParkingControllerTest" />
    <testcase name="ExplicitSmallerOrInvalidBoundCannotBeAutoExtended" status="run" result="completed" time="0.005" timestamp="2026-09-08T13:23:52" classname="camrod_control.ReverseParkingControllerTest" />
    <testcase name="UnreachableLateralMissStopsInsideAxialEnvelope" status="run" result="completed" time="0.004" timestamp="2026-09-08T13:23:52" classname="camrod_control.ReverseParkingControllerTest" />
    <testcase name="ReachableLateralOffsetContinuesUntilActualXyGoal" status="run" result="completed" time="0.005" timestamp="2026-09-08T13:23:52" classname="camrod_control.ReverseParkingControllerTest" />
    <testcase name="ReachableNegativeLateralOffsetAlsoContinues" status="run" result="completed" time="0.005" timestamp="2026-09-08T13:23:52" classname="camrod_control.ReverseParkingControllerTest" />
    <testcase name="FinalApproachCannotCrossStationPlaneOutsideGoal" status="run" result="completed" time="0.005" timestamp="2026-09-08T13:23:52" classname="camrod_control.ReverseParkingControllerTest" />
    <testcase name="TangentialLateralMissDoesNotChaseStationPlane" status="run" result="completed" time="0.006" timestamp="2026-09-08T13:23:52" classname="camrod_control.ReverseParkingControllerTest" />
    <testcase name="BoundedFinalApproachRetainsTimeout" status="run" result="completed" time="0.004" timestamp="2026-09-08T13:23:52" classname="camrod_control.ReverseParkingControllerTest" />
    <testcase name="OvershootingAxisDoesNotCountAsArrival" status="run" result="completed" time="0.006" timestamp="2026-09-08T13:23:52" classname="camrod_control.ReverseParkingControllerTest" />
    <testcase name="ActualGoalInsideToleranceStillCompletes" status="run" result="completed" time="0.007" timestamp="2026-09-08T13:23:52" classname="camrod_control.ReverseParkingControllerTest" />
    <testcase name="ActualGoalAtTravelLimitCanComplete" status="run" result="completed" time="0.005" timestamp="2026-09-08T13:23:52" classname="camrod_control.ReverseParkingControllerTest" />
    <testcase name="ChargingStillStopsImmediatelyWithoutCoordinateRequirement" status="run" result="completed" time="0.006" timestamp="2026-09-08T13:23:52" classname="camrod_control.ReverseParkingControllerTest" />
    <testcase name="StaleAndNonfiniteLocalizationCannotComplete" status="run" result="completed" time="0.005" timestamp="2026-09-08T13:23:52" classname="camrod_control.ReverseParkingControllerTest" />
    <testcase name="MissDoesNotBecomeChargingWaitAndCancelRemainsIdempotent" status="run" result="completed" time="0.004" timestamp="2026-09-08T13:23:52" classname="camrod_control.ReverseParkingControllerTest" />
  </testsuite>
</testsuites>
