<?xml version="1.0" encoding="utf-8"?><testsuites><testsuite name="pytest" errors="0" failures="0" skipped="0" tests="32" time="0.352" timestamp="2026-09-08T13:48:18.671686" hostname="htop"><testcase classname="test.test_ui_robot_frontend_contract.RobotUiFrontendContractTest" name="test_active_service_screen_can_open_full_service_evidence" time="0.004" /><testcase classname="test.test_ui_robot_frontend_contract.RobotUiFrontendContractTest" name="test_active_service_screen_exposes_current_trip_distance" time="0.001" /><testcase classname="test.test_ui_robot_frontend_contract.RobotUiFrontendContractTest" name="test_admin_diagnostics_remain_available_across_service_screens" time="0.000" /><testcase classname="test.test_ui_robot_frontend_contract.RobotUiFrontendContractTest" name="test_battery_messages_distinguish_urgent_return_and_normal_parking_boundaries" time="0.038" /><testcase classname="test.test_ui_robot_frontend_contract.RobotUiFrontendContractTest" name="test_docking_view_shows_exact_lanelet_parking_approach" time="0.000" /><testcase classname="test.test_ui_robot_frontend_contract.RobotUiFrontendContractTest" name="test_docking_workspace_exposes_commands_image_path_and_charge" time="0.001" /><testcase classname="test.test_ui_robot_frontend_contract.RobotUiFrontendContractTest" name="test_evidence_modal_merges_live_summary_into_bounded_history" time="0.000" /><testcase classname="test.test_ui_robot_frontend_contract.RobotUiFrontendContractTest" name="test_explicit_dock_posts_only_dock_and_reports_backend_rejection" time="0.033" /><testcase classname="test.test_ui_robot_frontend_contract.RobotUiFrontendContractTest" name="test_frontend_entry_document_is_never_served_from_stale_cache" time="0.001" /><testcase classname="test.test_ui_robot_frontend_contract.RobotUiFrontendContractTest" name="test_guest_owned_recall_exposes_only_bound_robot_completion" time="0.001" /><testcase classname="test.test_ui_robot_frontend_contract.RobotUiFrontendContractTest" name="test_imported_png_assets_are_present_and_referenced" time="0.002" /><testcase classname="test.test_ui_robot_frontend_contract.RobotUiFrontendContractTest" name="test_operator_map_can_publish_a_confirmed_manual_goal" time="0.000" /><testcase classname="test.test_ui_robot_frontend_contract.RobotUiFrontendContractTest" name="test_operator_telemetry_lease_is_closed_on_unmount" time="0.000" /><testcase classname="test.test_ui_robot_frontend_contract.RobotUiFrontendContractTest" name="test_operator_telemetry_tabs_cover_rviz_runtime_surfaces" time="0.000" /><testcase classname="test.test_ui_robot_frontend_contract.RobotUiFrontendContractTest" name="test_public_service_evidence_preserves_waiting_screen_two_by_two_grid" time="0.000" /><testcase classname="test.test_ui_robot_frontend_contract.RobotUiFrontendContractTest" name="test_public_service_evidence_uses_summary_and_bounded_history_apis" time="0.000" /><testcase classname="test.test_ui_robot_frontend_contract.RobotUiFrontendContractTest" name="test_radar_echo_is_not_presented_as_stopping_cost" time="0.000" /><testcase classname="test.test_ui_robot_frontend_contract.RobotUiFrontendContractTest" name="test_recall_return_progress_matches_both_uis_for_every_site" time="0.065" /><testcase classname="test.test_ui_robot_frontend_contract.RobotUiFrontendContractTest" name="test_return_in_progress_exposes_authoritative_operator_stop" time="0.000" /><testcase classname="test.test_ui_robot_frontend_contract.RobotUiFrontendContractTest" name="test_return_status_exits_idle_screen" time="0.000" /><testcase classname="test.test_ui_robot_frontend_contract.RobotUiFrontendContractTest" name="test_robot_commands_are_bound_to_backend_mission_generation" time="0.001" /><testcase classname="test.test_ui_robot_frontend_contract.RobotUiFrontendContractTest" name="test_robot_completion_keeps_guest_mission_identity_and_phase_guards" time="0.035" /><testcase classname="test.test_ui_robot_frontend_contract.RobotUiFrontendContractTest" name="test_robot_operator_recall_is_distinct_from_campsite_delivery" time="0.001" /><testcase classname="test.test_ui_robot_frontend_contract.RobotUiFrontendContractTest" name="test_robot_recall_rejects_late_http_and_orphan_socket_authority" time="0.000" /><testcase classname="test.test_ui_robot_frontend_contract.RobotUiFrontendContractTest" name="test_robot_reconnect_restores_completion_and_preserves_minimal_phase_frames" time="0.087" /><testcase classname="test.test_ui_robot_frontend_contract.RobotUiFrontendContractTest" name="test_service_evidence_compares_all_sites_with_live_progress" time="0.000" /><testcase classname="test.test_ui_robot_frontend_contract.RobotUiFrontendContractTest" name="test_service_evidence_modal_has_responsive_bounded_layout" time="0.000" /><testcase classname="test.test_ui_robot_frontend_contract.RobotUiFrontendContractTest" name="test_service_evidence_never_substitutes_missing_data_with_zero" time="0.000" /><testcase classname="test.test_ui_robot_frontend_contract.RobotUiFrontendContractTest" name="test_site_keypad_layout_is_bounded_for_windowed_operation" time="0.000" /><testcase classname="test.test_ui_robot_frontend_contract.RobotUiFrontendContractTest" name="test_site_verification_normalizes_physical_keyboard_input" time="0.000" /><testcase classname="test.test_ui_robot_frontend_contract.RobotUiFrontendContractTest" name="test_site_verification_owns_virtual_keyboard_input" time="0.000" /><testcase classname="test.test_ui_robot_frontend_contract.RobotUiFrontendContractTest" name="test_two_stage_completion_sends_explicit_stage_once_and_blocks_execution_failure" time="0.032" /></testsuite></testsuites>