<?xml version="1.0" encoding="utf-8"?><testsuites><testsuite name="pytest" errors="0" failures="0" skipped="0" tests="74" time="0.134" timestamp="2026-09-08T18:04:46.185077" hostname="htop"><testcase classname="tests.test_optional_docking_safety" name="test_actual_shared_cdp_call_pumps_and_records_exact_native_confirm" time="0.006" /><testcase classname="tests.test_optional_docking_safety" name="test_unexpected_or_unauthorized_dialog_never_accepted[False-confirm-\ubc30\ud130\ub9ac \uc794\ub7c9\uacfc \uad00\uacc4\uc5c6\uc774 \ucda9\uc804 \ub3c4\ud0b9\uc744 \uc694\uccad\ud569\ub2c8\ub2e4. \uc9c4\ud589\ud558\uc2dc\uaca0\uc2b5\ub2c8\uae4c?]" time="0.004" /><testcase classname="tests.test_optional_docking_safety" name="test_unexpected_or_unauthorized_dialog_never_accepted[True-alert-\ubc30\ud130\ub9ac \uc794\ub7c9\uacfc \uad00\uacc4\uc5c6\uc774 \ucda9\uc804 \ub3c4\ud0b9\uc744 \uc694\uccad\ud569\ub2c8\ub2e4. \uc9c4\ud589\ud558\uc2dc\uaca0\uc2b5\ub2c8\uae4c?]" time="0.004" /><testcase classname="tests.test_optional_docking_safety" name="test_unexpected_or_unauthorized_dialog_never_accepted[True-confirm-different action]" time="0.005" /><testcase classname="tests.test_optional_docking_safety" name="test_constructor_forwards_observation_hook_without_own_transport" time="0.001" /><testcase classname="tests.test_optional_docking_safety" name="test_stop_request_once_even_when_no_observation_time" time="0.001" /><testcase classname="tests.test_optional_docking_safety" name="test_stop_transport_failure_is_recorded_not_raised" time="0.000" /><testcase classname="tests.test_optional_docking_safety" name="test_missing_browser_uses_only_existing_bounded_stop_client" time="0.000" /><testcase classname="tests.test_optional_docking_safety" name="test_stale_moving_or_wrong_state_never_confirms_stop[False-0.0-16]" time="0.001" /><testcase classname="tests.test_optional_docking_safety" name="test_stale_moving_or_wrong_state_never_confirms_stop[True-0.2-16]" time="0.001" /><testcase classname="tests.test_optional_docking_safety" name="test_stale_moving_or_wrong_state_never_confirms_stop[True-0.0-9]" time="0.001" /><testcase classname="tests.test_optional_docking_safety" name="test_stale_moving_or_wrong_state_never_confirms_stop[True-nan-16]" time="0.001" /><testcase classname="tests.test_optional_docking_safety" name="test_stale_moving_or_wrong_state_never_confirms_stop[True-inf-16]" time="0.001" /><testcase classname="tests.test_optional_docking_safety" name="test_stale_moving_or_wrong_state_never_confirms_stop[True--0.2-16]" time="0.001" /><testcase classname="tests.test_optional_docking_safety" name="test_fresh_stopped_observations_require_settled_hold_but_never_pass_dock" time="0.001" /><testcase classname="tests.test_optional_docking_safety" name="test_short_stop_observation_window_cannot_claim_settled_hold" time="0.000" /><testcase classname="tests.test_optional_docking_safety" name="test_observer_error_cannot_prevent_stop_request_or_escape_cleanup" time="0.000" /><testcase classname="tests.test_optional_docking_safety" name="test_actual_exception_handler_preserves_original_and_stops_only_after_click[original0-False-False]" time="0.004" /><testcase classname="tests.test_optional_docking_safety" name="test_actual_exception_handler_preserves_original_and_stops_only_after_click[original0-False-True]" time="0.003" /><testcase classname="tests.test_optional_docking_safety" name="test_actual_exception_handler_preserves_original_and_stops_only_after_click[original0-True-False]" time="0.005" /><testcase classname="tests.test_optional_docking_safety" name="test_actual_exception_handler_preserves_original_and_stops_only_after_click[original0-True-True]" time="0.005" /><testcase classname="tests.test_optional_docking_safety" name="test_actual_exception_handler_preserves_original_and_stops_only_after_click[original1-False-False]" time="0.005" /><testcase classname="tests.test_optional_docking_safety" name="test_actual_exception_handler_preserves_original_and_stops_only_after_click[original1-False-True]" time="0.004" /><testcase classname="tests.test_optional_docking_safety" name="test_actual_exception_handler_preserves_original_and_stops_only_after_click[original1-True-False]" time="0.003" /><testcase classname="tests.test_optional_docking_safety" name="test_actual_exception_handler_preserves_original_and_stops_only_after_click[original1-True-True]" time="0.005" /><testcase classname="tests.test_optional_docking_safety" name="test_explicit_healthy_ros_and_fresh_ui_reverse_park_accepted" time="0.001" /><testcase classname="tests.test_optional_docking_safety" name="test_late_join_absent_ros_state_uses_independent_ui_without_state_injection" time="0.000" /><testcase classname="tests.test_optional_docking_safety" name="test_empty_received_ros_state_is_malformed_not_assumed_absent" time="0.000" /><testcase classname="tests.test_optional_docking_safety" name="test_late_join_never_passes_missing_or_nonidle_ui_contract[service_state-None]" time="0.001" /><testcase classname="tests.test_optional_docking_safety" name="test_late_join_never_passes_missing_or_nonidle_ui_contract[service_state-13]" time="0.000" /><testcase classname="tests.test_optional_docking_safety" name="test_late_join_never_passes_missing_or_nonidle_ui_contract[service_state_name-None]" time="0.000" /><testcase classname="tests.test_optional_docking_safety" name="test_late_join_never_passes_missing_or_nonidle_ui_contract[service_state_name-CHARGING]" time="0.000" /><testcase classname="tests.test_optional_docking_safety" name="test_late_join_never_passes_missing_or_nonidle_ui_contract[mission_phase-None]" time="0.000" /><testcase classname="tests.test_optional_docking_safety" name="test_late_join_never_passes_missing_or_nonidle_ui_contract[mission_phase-RECALL_TO_SITE_ROAD]" time="0.001" /><testcase classname="tests.test_optional_docking_safety" name="test_late_join_never_passes_missing_or_nonidle_ui_contract[ready-None]" time="0.000" /><testcase classname="tests.test_optional_docking_safety" name="test_late_join_never_passes_missing_or_nonidle_ui_contract[ready-False]" time="0.000" /><testcase classname="tests.test_optional_docking_safety" name="test_late_join_never_passes_missing_or_nonidle_ui_contract[engaged-None]" time="0.001" /><testcase classname="tests.test_optional_docking_safety" name="test_late_join_never_passes_missing_or_nonidle_ui_contract[engaged-True]" time="0.000" /><testcase classname="tests.test_optional_docking_safety" name="test_late_join_never_passes_missing_or_nonidle_ui_contract[mission_dispatch_active-None]" time="0.000" /><testcase classname="tests.test_optional_docking_safety" name="test_late_join_never_passes_missing_or_nonidle_ui_contract[mission_dispatch_active-True]" time="0.000" /><testcase classname="tests.test_optional_docking_safety" name="test_late_join_no_ui_snapshot_is_rejected_without_none_dereference" time="0.000" /><testcase classname="tests.test_optional_docking_safety" name="test_received_ros_state_cannot_contradict_fresh_idle_ui[ros_state0]" time="0.000" /><testcase classname="tests.test_optional_docking_safety" name="test_received_ros_state_cannot_contradict_fresh_idle_ui[ros_state1]" time="0.000" /><testcase classname="tests.test_optional_docking_safety" name="test_received_ros_state_cannot_contradict_fresh_idle_ui[ros_state2]" time="0.000" /><testcase classname="tests.test_optional_docking_safety" name="test_received_ros_state_cannot_contradict_fresh_idle_ui[ros_state3]" time="0.000" /><testcase classname="tests.test_optional_docking_safety" name="test_required_ros_observation_none_is_rejected_cleanly[None-parking]" time="0.000" /><testcase classname="tests.test_optional_docking_safety" name="test_required_ros_observation_none_is_rejected_cleanly[parking-dispatcher]" time="0.001" /><testcase classname="tests.test_optional_docking_safety" name="test_required_ros_observation_none_is_rejected_cleanly[parking-reverse]" time="0.000" /><testcase classname="tests.test_optional_docking_safety" name="test_required_ros_observation_none_is_rejected_cleanly[None-carla_odometry]" time="0.000" /><testcase classname="tests.test_optional_docking_safety" name="test_nonparked_controller_never_becomes_dock_preflight[dispatcher]" time="0.000" /><testcase classname="tests.test_optional_docking_safety" name="test_nonparked_controller_never_becomes_dock_preflight[reverse]" time="0.001" /><testcase classname="tests.test_optional_docking_safety" name="test_initial_speed_must_be_finite_nonnegative_and_below_stationary_limit[None]" time="0.000" /><testcase classname="tests.test_optional_docking_safety" name="test_initial_speed_must_be_finite_nonnegative_and_below_stationary_limit[nan]" time="0.000" /><testcase classname="tests.test_optional_docking_safety" name="test_initial_speed_must_be_finite_nonnegative_and_below_stationary_limit[inf]" time="0.000" /><testcase classname="tests.test_optional_docking_safety" name="test_initial_speed_must_be_finite_nonnegative_and_below_stationary_limit[-inf]" time="0.000" /><testcase classname="tests.test_optional_docking_safety" name="test_initial_speed_must_be_finite_nonnegative_and_below_stationary_limit[-0.1]" time="0.000" /><testcase classname="tests.test_optional_docking_safety" name="test_initial_speed_must_be_finite_nonnegative_and_below_stationary_limit[0.05]" time="0.001" /><testcase classname="tests.test_optional_docking_safety" name="test_initial_speed_must_be_finite_nonnegative_and_below_stationary_limit[0.2]" time="0.001" /><testcase classname="tests.test_optional_docking_safety" name="test_initial_platform_and_camera_must_have_valid_fresh_receive_times[platform-None]" time="0.000" /><testcase classname="tests.test_optional_docking_safety" name="test_initial_platform_and_camera_must_have_valid_fresh_receive_times[platform-98.9]" time="0.001" /><testcase classname="tests.test_optional_docking_safety" name="test_initial_platform_and_camera_must_have_valid_fresh_receive_times[platform-100.2]" time="0.001" /><testcase classname="tests.test_optional_docking_safety" name="test_initial_platform_and_camera_must_have_valid_fresh_receive_times[platform-nan]" time="0.001" /><testcase classname="tests.test_optional_docking_safety" name="test_initial_platform_and_camera_must_have_valid_fresh_receive_times[platform-inf]" time="0.001" /><testcase classname="tests.test_optional_docking_safety" name="test_initial_platform_and_camera_must_have_valid_fresh_receive_times[camera-None]" time="0.001" /><testcase classname="tests.test_optional_docking_safety" name="test_initial_platform_and_camera_must_have_valid_fresh_receive_times[camera-98.9]" time="0.001" /><testcase classname="tests.test_optional_docking_safety" name="test_initial_platform_and_camera_must_have_valid_fresh_receive_times[camera-100.2]" time="0.001" /><testcase classname="tests.test_optional_docking_safety" name="test_initial_platform_and_camera_must_have_valid_fresh_receive_times[camera-nan]" time="0.000" /><testcase classname="tests.test_optional_docking_safety" name="test_initial_platform_and_camera_must_have_valid_fresh_receive_times[camera-inf]" time="0.001" /><testcase classname="tests.test_optional_docking_safety" name="test_initial_camera_and_noncharging_contract_preserves_unknown_dummy_without_fabrication[platform_none]" time="0.001" /><testcase classname="tests.test_optional_docking_safety" name="test_initial_camera_and_noncharging_contract_preserves_unknown_dummy_without_fabrication[charging_true]" time="0.000" /><testcase classname="tests.test_optional_docking_safety" name="test_initial_camera_and_noncharging_contract_preserves_unknown_dummy_without_fabrication[charging_unknown]" time="0.001" /><testcase classname="tests.test_optional_docking_safety" name="test_initial_camera_and_noncharging_contract_preserves_unknown_dummy_without_fabrication[dummy_true]" time="0.000" /><testcase classname="tests.test_optional_docking_safety" name="test_initial_camera_and_noncharging_contract_preserves_unknown_dummy_without_fabrication[dummy_unknown]" time="0.000" /><testcase classname="tests.test_optional_docking_safety" name="test_initial_camera_and_noncharging_contract_preserves_unknown_dummy_without_fabrication[image_absent]" time="0.000" /></testsuite></testsuites>