<?xml version="1.0" encoding="utf-8"?><testsuites><testsuite name="pytest" errors="0" failures="0" skipped="0" tests="25" time="0.106" timestamp="2026-09-08T17:53:03.659595" hostname="htop"><testcase classname="ranger-carla-4ws-pipeline..work.evidence.v224_validation.tests.test_optional_docking_safety" name="test_actual_shared_cdp_call_pumps_and_records_exact_native_confirm" time="0.009" /><testcase classname="ranger-carla-4ws-pipeline..work.evidence.v224_validation.tests.test_optional_docking_safety" name="test_unexpected_or_unauthorized_dialog_never_accepted[False-confirm-\ubc30\ud130\ub9ac \uc794\ub7c9\uacfc \uad00\uacc4\uc5c6\uc774 \ucda9\uc804 \ub3c4\ud0b9\uc744 \uc694\uccad\ud569\ub2c8\ub2e4. \uc9c4\ud589\ud558\uc2dc\uaca0\uc2b5\ub2c8\uae4c?]" time="0.004" /><testcase classname="ranger-carla-4ws-pipeline..work.evidence.v224_validation.tests.test_optional_docking_safety" name="test_unexpected_or_unauthorized_dialog_never_accepted[True-alert-\ubc30\ud130\ub9ac \uc794\ub7c9\uacfc \uad00\uacc4\uc5c6\uc774 \ucda9\uc804 \ub3c4\ud0b9\uc744 \uc694\uccad\ud569\ub2c8\ub2e4. \uc9c4\ud589\ud558\uc2dc\uaca0\uc2b5\ub2c8\uae4c?]" time="0.004" /><testcase classname="ranger-carla-4ws-pipeline..work.evidence.v224_validation.tests.test_optional_docking_safety" name="test_unexpected_or_unauthorized_dialog_never_accepted[True-confirm-different action]" time="0.004" /><testcase classname="ranger-carla-4ws-pipeline..work.evidence.v224_validation.tests.test_optional_docking_safety" name="test_constructor_forwards_observation_hook_without_own_transport" time="0.000" /><testcase classname="ranger-carla-4ws-pipeline..work.evidence.v224_validation.tests.test_optional_docking_safety" name="test_stop_request_once_even_when_no_observation_time" time="0.001" /><testcase classname="ranger-carla-4ws-pipeline..work.evidence.v224_validation.tests.test_optional_docking_safety" name="test_stop_transport_failure_is_recorded_not_raised" time="0.000" /><testcase classname="ranger-carla-4ws-pipeline..work.evidence.v224_validation.tests.test_optional_docking_safety" name="test_missing_browser_uses_only_existing_bounded_stop_client" time="0.001" /><testcase classname="ranger-carla-4ws-pipeline..work.evidence.v224_validation.tests.test_optional_docking_safety" name="test_stale_moving_or_wrong_state_never_confirms_stop[False-0.0-16]" time="0.001" /><testcase classname="ranger-carla-4ws-pipeline..work.evidence.v224_validation.tests.test_optional_docking_safety" name="test_stale_moving_or_wrong_state_never_confirms_stop[True-0.2-16]" time="0.001" /><testcase classname="ranger-carla-4ws-pipeline..work.evidence.v224_validation.tests.test_optional_docking_safety" name="test_stale_moving_or_wrong_state_never_confirms_stop[True-0.0-9]" time="0.001" /><testcase classname="ranger-carla-4ws-pipeline..work.evidence.v224_validation.tests.test_optional_docking_safety" name="test_stale_moving_or_wrong_state_never_confirms_stop[True-nan-16]" time="0.001" /><testcase classname="ranger-carla-4ws-pipeline..work.evidence.v224_validation.tests.test_optional_docking_safety" name="test_stale_moving_or_wrong_state_never_confirms_stop[True-inf-16]" time="0.001" /><testcase classname="ranger-carla-4ws-pipeline..work.evidence.v224_validation.tests.test_optional_docking_safety" name="test_stale_moving_or_wrong_state_never_confirms_stop[True--0.2-16]" time="0.001" /><testcase classname="ranger-carla-4ws-pipeline..work.evidence.v224_validation.tests.test_optional_docking_safety" name="test_fresh_stopped_observations_require_settled_hold_but_never_pass_dock" time="0.001" /><testcase classname="ranger-carla-4ws-pipeline..work.evidence.v224_validation.tests.test_optional_docking_safety" name="test_short_stop_observation_window_cannot_claim_settled_hold" time="0.001" /><testcase classname="ranger-carla-4ws-pipeline..work.evidence.v224_validation.tests.test_optional_docking_safety" name="test_observer_error_cannot_prevent_stop_request_or_escape_cleanup" time="0.001" /><testcase classname="ranger-carla-4ws-pipeline..work.evidence.v224_validation.tests.test_optional_docking_safety" name="test_actual_exception_handler_preserves_original_and_stops_only_after_click[original0-False-False]" time="0.004" /><testcase classname="ranger-carla-4ws-pipeline..work.evidence.v224_validation.tests.test_optional_docking_safety" name="test_actual_exception_handler_preserves_original_and_stops_only_after_click[original0-False-True]" time="0.005" /><testcase classname="ranger-carla-4ws-pipeline..work.evidence.v224_validation.tests.test_optional_docking_safety" name="test_actual_exception_handler_preserves_original_and_stops_only_after_click[original0-True-False]" time="0.006" /><testcase classname="ranger-carla-4ws-pipeline..work.evidence.v224_validation.tests.test_optional_docking_safety" name="test_actual_exception_handler_preserves_original_and_stops_only_after_click[original0-True-True]" time="0.006" /><testcase classname="ranger-carla-4ws-pipeline..work.evidence.v224_validation.tests.test_optional_docking_safety" name="test_actual_exception_handler_preserves_original_and_stops_only_after_click[original1-False-False]" time="0.006" /><testcase classname="ranger-carla-4ws-pipeline..work.evidence.v224_validation.tests.test_optional_docking_safety" name="test_actual_exception_handler_preserves_original_and_stops_only_after_click[original1-False-True]" time="0.005" /><testcase classname="ranger-carla-4ws-pipeline..work.evidence.v224_validation.tests.test_optional_docking_safety" name="test_actual_exception_handler_preserves_original_and_stops_only_after_click[original1-True-False]" time="0.006" /><testcase classname="ranger-carla-4ws-pipeline..work.evidence.v224_validation.tests.test_optional_docking_safety" name="test_actual_exception_handler_preserves_original_and_stops_only_after_click[original1-True-True]" time="0.005" /></testsuite></testsuites>